{"/Users/dongh/Documents/android-util/Android-Dependecy-Tree-Diff-Viewer/js/app.js": {"path":"/Users/dongh/Documents/android-util/Android-Dependecy-Tree-Diff-Viewer/js/app.js","statementMap":{"0":{"start":{"line":1,"column":14},"end":{"line":1,"column":16}},"1":{"start":{"line":1,"column":28},"end":{"line":1,"column":30}},"2":{"start":{"line":3,"column":18},"end":{"line":3,"column":53}},"3":{"start":{"line":4,"column":18},"end":{"line":4,"column":53}},"4":{"start":{"line":5,"column":18},"end":{"line":5,"column":53}},"5":{"start":{"line":6,"column":18},"end":{"line":6,"column":53}},"6":{"start":{"line":7,"column":18},"end":{"line":7,"column":53}},"7":{"start":{"line":8,"column":18},"end":{"line":8,"column":53}},"8":{"start":{"line":10,"column":19},"end":{"line":10,"column":57}},"9":{"start":{"line":11,"column":19},"end":{"line":11,"column":55}},"10":{"start":{"line":12,"column":19},"end":{"line":12,"column":53}},"11":{"start":{"line":13,"column":19},"end":{"line":13,"column":55}},"12":{"start":{"line":14,"column":19},"end":{"line":14,"column":54}},"13":{"start":{"line":16,"column":19},"end":{"line":16,"column":57}},"14":{"start":{"line":17,"column":25},"end":{"line":17,"column":70}},"15":{"start":{"line":18,"column":25},"end":{"line":18,"column":71}},"16":{"start":{"line":19,"column":26},"end":{"line":19,"column":72}},"17":{"start":{"line":20,"column":19},"end":{"line":20,"column":51}},"18":{"start":{"line":23,"column":16},"end":{"line":23,"column":53}},"19":{"start":{"line":24,"column":20},"end":{"line":24,"column":61}},"20":{"start":{"line":26,"column":17},"end":{"line":26,"column":50}},"21":{"start":{"line":27,"column":21},"end":{"line":27,"column":61}},"22":{"start":{"line":29,"column":20},"end":{"line":29,"column":74}},"23":{"start":{"line":30,"column":21},"end":{"line":30,"column":76}},"24":{"start":{"line":33,"column":18},"end":{"line":33,"column":33}},"25":{"start":{"line":34,"column":18},"end":{"line":34,"column":23}},"26":{"start":{"line":35,"column":30},"end":{"line":35,"column":34}},"27":{"start":{"line":38,"column":0},"end":{"line":38,"column":33}},"28":{"start":{"line":41,"column":2},"end":{"line":41,"column":36}},"29":{"start":{"line":45,"column":2},"end":{"line":45,"column":21}},"30":{"start":{"line":45,"column":12},"end":{"line":45,"column":21}},"31":{"start":{"line":46,"column":10},"end":{"line":46,"column":11}},"32":{"start":{"line":46,"column":19},"end":{"line":46,"column":21}},"33":{"start":{"line":47,"column":2},"end":{"line":47,"column":56}},"34":{"start":{"line":47,"column":52},"end":{"line":47,"column":56}},"35":{"start":{"line":48,"column":2},"end":{"line":48,"column":11}},"36":{"start":{"line":52,"column":2},"end":{"line":52,"column":21}},"37":{"start":{"line":52,"column":12},"end":{"line":52,"column":21}},"38":{"start":{"line":53,"column":16},"end":{"line":53,"column":39}},"39":{"start":{"line":54,"column":14},"end":{"line":54,"column":16}},"40":{"start":{"line":55,"column":2},"end":{"line":58,"column":3}},"41":{"start":{"line":55,"column":15},"end":{"line":55,"column":16}},"42":{"start":{"line":56,"column":14},"end":{"line":56,"column":22}},"43":{"start":{"line":57,"column":4},"end":{"line":57,"column":77}},"44":{"start":{"line":57,"column":58},"end":{"line":57,"column":68}},"45":{"start":{"line":57,"column":69},"end":{"line":57,"column":75}},"46":{"start":{"line":59,"column":2},"end":{"line":59,"column":29}},"47":{"start":{"line":59,"column":20},"end":{"line":59,"column":29}},"48":{"start":{"line":60,"column":14},"end":{"line":60,"column":15}},"49":{"start":{"line":61,"column":2},"end":{"line":65,"column":3}},"50":{"start":{"line":61,"column":15},"end":{"line":61,"column":20}},"51":{"start":{"line":62,"column":14},"end":{"line":62,"column":22}},"52":{"start":{"line":63,"column":4},"end":{"line":63,"column":30}},"53":{"start":{"line":63,"column":24},"end":{"line":63,"column":30}},"54":{"start":{"line":64,"column":4},"end":{"line":64,"column":12}},"55":{"start":{"line":66,"column":2},"end":{"line":66,"column":15}},"56":{"start":{"line":69,"column":2},"end":{"line":69,"column":26}},"57":{"start":{"line":69,"column":13},"end":{"line":69,"column":26}},"58":{"start":{"line":70,"column":2},"end":{"line":70,"column":46}},"59":{"start":{"line":70,"column":34},"end":{"line":70,"column":46}},"60":{"start":{"line":71,"column":2},"end":{"line":71,"column":48}},"61":{"start":{"line":71,"column":36},"end":{"line":71,"column":48}},"62":{"start":{"line":72,"column":2},"end":{"line":72,"column":77}},"63":{"start":{"line":72,"column":65},"end":{"line":72,"column":77}},"64":{"start":{"line":73,"column":2},"end":{"line":73,"column":15}},"65":{"start":{"line":76,"column":15},"end":{"line":76,"column":57}},"66":{"start":{"line":77,"column":2},"end":{"line":77,"column":45}},"67":{"start":{"line":81,"column":2},"end":{"line":81,"column":35}},"68":{"start":{"line":83,"column":2},"end":{"line":83,"column":44}},"69":{"start":{"line":86,"column":26},"end":{"line":86,"column":70}},"70":{"start":{"line":87,"column":32},"end":{"line":87,"column":58}},"71":{"start":{"line":87,"column":59},"end":{"line":87,"column":84}},"72":{"start":{"line":91,"column":2},"end":{"line":91,"column":26}},"73":{"start":{"line":91,"column":13},"end":{"line":91,"column":26}},"74":{"start":{"line":92,"column":2},"end":{"line":92,"column":46}},"75":{"start":{"line":92,"column":34},"end":{"line":92,"column":46}},"76":{"start":{"line":93,"column":15},"end":{"line":93,"column":46}},"77":{"start":{"line":94,"column":2},"end":{"line":94,"column":31}},"78":{"start":{"line":98,"column":2},"end":{"line":98,"column":20}},"79":{"start":{"line":98,"column":13},"end":{"line":98,"column":20}},"80":{"start":{"line":99,"column":17},"end":{"line":99,"column":33}},"81":{"start":{"line":100,"column":2},"end":{"line":100,"column":53}},"82":{"start":{"line":100,"column":23},"end":{"line":100,"column":52}},"83":{"start":{"line":101,"column":2},"end":{"line":101,"column":58}},"84":{"start":{"line":101,"column":25},"end":{"line":101,"column":57}},"85":{"start":{"line":102,"column":2},"end":{"line":102,"column":26}},"86":{"start":{"line":106,"column":17},"end":{"line":106,"column":66}},"87":{"start":{"line":106,"column":24},"end":{"line":106,"column":66}},"88":{"start":{"line":109,"column":2},"end":{"line":127,"column":5}},"89":{"start":{"line":110,"column":14},"end":{"line":110,"column":47}},"90":{"start":{"line":111,"column":4},"end":{"line":111,"column":19}},"91":{"start":{"line":111,"column":12},"end":{"line":111,"column":19}},"92":{"start":{"line":112,"column":4},"end":{"line":118,"column":5}},"93":{"start":{"line":113,"column":6},"end":{"line":113,"column":43}},"94":{"start":{"line":114,"column":6},"end":{"line":114,"column":25}},"95":{"start":{"line":115,"column":6},"end":{"line":115,"column":30}},"96":{"start":{"line":116,"column":6},"end":{"line":116,"column":20}},"97":{"start":{"line":117,"column":6},"end":{"line":117,"column":13}},"98":{"start":{"line":119,"column":4},"end":{"line":126,"column":7}},"99":{"start":{"line":120,"column":6},"end":{"line":120,"column":19}},"100":{"start":{"line":121,"column":6},"end":{"line":121,"column":34}},"101":{"start":{"line":122,"column":6},"end":{"line":122,"column":19}},"102":{"start":{"line":123,"column":6},"end":{"line":123,"column":22}},"103":{"start":{"line":124,"column":6},"end":{"line":124,"column":19}},"104":{"start":{"line":125,"column":6},"end":{"line":125,"column":21}},"105":{"start":{"line":130,"column":2},"end":{"line":135,"column":5}},"106":{"start":{"line":131,"column":4},"end":{"line":131,"column":23}},"107":{"start":{"line":132,"column":4},"end":{"line":132,"column":53}},"108":{"start":{"line":133,"column":4},"end":{"line":133,"column":58}},"109":{"start":{"line":136,"column":2},"end":{"line":136,"column":96}},"110":{"start":{"line":136,"column":46},"end":{"line":136,"column":65}},"111":{"start":{"line":136,"column":66},"end":{"line":136,"column":92}},"112":{"start":{"line":137,"column":2},"end":{"line":159,"column":5}},"113":{"start":{"line":138,"column":4},"end":{"line":138,"column":23}},"114":{"start":{"line":139,"column":14},"end":{"line":139,"column":61}},"115":{"start":{"line":140,"column":4},"end":{"line":140,"column":50}},"116":{"start":{"line":140,"column":14},"end":{"line":140,"column":40}},"117":{"start":{"line":140,"column":41},"end":{"line":140,"column":48}},"118":{"start":{"line":142,"column":4},"end":{"line":146,"column":5}},"119":{"start":{"line":143,"column":6},"end":{"line":143,"column":43}},"120":{"start":{"line":144,"column":6},"end":{"line":144,"column":32}},"121":{"start":{"line":145,"column":6},"end":{"line":145,"column":13}},"122":{"start":{"line":149,"column":4},"end":{"line":149,"column":41}},"123":{"start":{"line":150,"column":4},"end":{"line":157,"column":7}},"124":{"start":{"line":151,"column":6},"end":{"line":151,"column":19}},"125":{"start":{"line":152,"column":6},"end":{"line":152,"column":34}},"126":{"start":{"line":153,"column":6},"end":{"line":153,"column":19}},"127":{"start":{"line":154,"column":6},"end":{"line":154,"column":22}},"128":{"start":{"line":155,"column":6},"end":{"line":155,"column":19}},"129":{"start":{"line":156,"column":6},"end":{"line":156,"column":21}},"130":{"start":{"line":158,"column":4},"end":{"line":158,"column":30}},"131":{"start":{"line":162,"column":0},"end":{"line":162,"column":62}},"132":{"start":{"line":162,"column":47},"end":{"line":162,"column":60}},"133":{"start":{"line":163,"column":0},"end":{"line":163,"column":62}},"134":{"start":{"line":163,"column":47},"end":{"line":163,"column":60}},"135":{"start":{"line":166,"column":0},"end":{"line":201,"column":3}},"136":{"start":{"line":167,"column":2},"end":{"line":167,"column":15}},"137":{"start":{"line":168,"column":2},"end":{"line":168,"column":29}},"138":{"start":{"line":169,"column":2},"end":{"line":169,"column":35}},"139":{"start":{"line":170,"column":2},"end":{"line":170,"column":37}},"140":{"start":{"line":171,"column":2},"end":{"line":171,"column":38}},"141":{"start":{"line":172,"column":2},"end":{"line":172,"column":41}},"142":{"start":{"line":173,"column":2},"end":{"line":173,"column":36}},"143":{"start":{"line":174,"column":2},"end":{"line":174,"column":36}},"144":{"start":{"line":175,"column":2},"end":{"line":175,"column":37}},"145":{"start":{"line":177,"column":2},"end":{"line":200,"column":3}},"146":{"start":{"line":178,"column":4},"end":{"line":178,"column":47}},"147":{"start":{"line":178,"column":27},"end":{"line":178,"column":45}},"148":{"start":{"line":181,"column":25},"end":{"line":181,"column":69}},"149":{"start":{"line":182,"column":25},"end":{"line":182,"column":61}},"150":{"start":{"line":183,"column":26},"end":{"line":183,"column":71}},"151":{"start":{"line":185,"column":4},"end":{"line":185,"column":65}},"152":{"start":{"line":186,"column":4},"end":{"line":186,"column":65}},"153":{"start":{"line":187,"column":4},"end":{"line":187,"column":67}},"154":{"start":{"line":190,"column":4},"end":{"line":190,"column":45}},"155":{"start":{"line":191,"column":4},"end":{"line":191,"column":45}},"156":{"start":{"line":192,"column":4},"end":{"line":192,"column":46}},"157":{"start":{"line":194,"column":4},"end":{"line":194,"column":39}},"158":{"start":{"line":195,"column":4},"end":{"line":195,"column":51}},"159":{"start":{"line":197,"column":4},"end":{"line":197,"column":53}},"160":{"start":{"line":199,"column":4},"end":{"line":199,"column":34}},"161":{"start":{"line":199,"column":35},"end":{"line":199,"column":66}},"162":{"start":{"line":199,"column":67},"end":{"line":199,"column":83}},"163":{"start":{"line":203,"column":0},"end":{"line":212,"column":3}},"164":{"start":{"line":204,"column":2},"end":{"line":211,"column":41}},"165":{"start":{"line":206,"column":22},"end":{"line":206,"column":67}},"166":{"start":{"line":207,"column":23},"end":{"line":207,"column":54}},"167":{"start":{"line":208,"column":4},"end":{"line":208,"column":70}},"168":{"start":{"line":209,"column":16},"end":{"line":209,"column":35}},"169":{"start":{"line":209,"column":37},"end":{"line":209,"column":68}},"170":{"start":{"line":210,"column":4},"end":{"line":210,"column":53}},"171":{"start":{"line":210,"column":20},"end":{"line":210,"column":45}},"172":{"start":{"line":211,"column":10},"end":{"line":211,"column":39}},"173":{"start":{"line":214,"column":0},"end":{"line":230,"column":3}},"174":{"start":{"line":215,"column":2},"end":{"line":215,"column":15}},"175":{"start":{"line":215,"column":16},"end":{"line":215,"column":29}},"176":{"start":{"line":216,"column":2},"end":{"line":216,"column":21}},"177":{"start":{"line":216,"column":22},"end":{"line":216,"column":41}},"178":{"start":{"line":217,"column":2},"end":{"line":217,"column":27}},"179":{"start":{"line":217,"column":28},"end":{"line":217,"column":53}},"180":{"start":{"line":218,"column":2},"end":{"line":218,"column":39}},"181":{"start":{"line":218,"column":40},"end":{"line":218,"column":77}},"182":{"start":{"line":219,"column":2},"end":{"line":219,"column":36}},"183":{"start":{"line":220,"column":2},"end":{"line":220,"column":36}},"184":{"start":{"line":221,"column":2},"end":{"line":221,"column":36}},"185":{"start":{"line":222,"column":2},"end":{"line":222,"column":37}},"186":{"start":{"line":223,"column":2},"end":{"line":223,"column":39}},"187":{"start":{"line":225,"column":2},"end":{"line":225,"column":15}},"188":{"start":{"line":226,"column":2},"end":{"line":226,"column":18}},"189":{"start":{"line":227,"column":2},"end":{"line":227,"column":29}},"190":{"start":{"line":228,"column":2},"end":{"line":228,"column":29}},"191":{"start":{"line":229,"column":2},"end":{"line":229,"column":17}},"192":{"start":{"line":232,"column":0},"end":{"line":236,"column":3}},"193":{"start":{"line":233,"column":19},"end":{"line":233,"column":71}},"194":{"start":{"line":234,"column":2},"end":{"line":234,"column":55}},"195":{"start":{"line":235,"column":2},"end":{"line":235,"column":59}},"196":{"start":{"line":241,"column":25},"end":{"line":241,"column":66}},"197":{"start":{"line":242,"column":28},"end":{"line":242,"column":76}},"198":{"start":{"line":243,"column":28},"end":{"line":243,"column":77}},"199":{"start":{"line":244,"column":29},"end":{"line":244,"column":78}},"200":{"start":{"line":248,"column":12},"end":{"line":248,"column":39}},"201":{"start":{"line":249,"column":2},"end":{"line":249,"column":19}},"202":{"start":{"line":250,"column":2},"end":{"line":250,"column":24}},"203":{"start":{"line":251,"column":2},"end":{"line":251,"column":31}},"204":{"start":{"line":252,"column":2},"end":{"line":252,"column":12}},"205":{"start":{"line":253,"column":2},"end":{"line":253,"column":13}},"206":{"start":{"line":258,"column":2},"end":{"line":258,"column":43}},"207":{"start":{"line":259,"column":2},"end":{"line":261,"column":3}},"208":{"start":{"line":260,"column":4},"end":{"line":260,"column":46}},"209":{"start":{"line":263,"column":2},"end":{"line":263,"column":31}},"210":{"start":{"line":264,"column":2},"end":{"line":264,"column":55}},"211":{"start":{"line":266,"column":17},"end":{"line":274,"column":4}},"212":{"start":{"line":276,"column":2},"end":{"line":276,"column":59}},"213":{"start":{"line":279,"column":22},"end":{"line":279,"column":54}},"214":{"start":{"line":280,"column":14},"end":{"line":280,"column":42}},"215":{"start":{"line":282,"column":23},"end":{"line":282,"column":25}},"216":{"start":{"line":283,"column":2},"end":{"line":283,"column":35}},"217":{"start":{"line":284,"column":2},"end":{"line":284,"column":52}},"218":{"start":{"line":287,"column":2},"end":{"line":287,"column":28}},"219":{"start":{"line":288,"column":2},"end":{"line":288,"column":60}},"220":{"start":{"line":291,"column":14},"end":{"line":291,"column":24}},"221":{"start":{"line":292,"column":21},"end":{"line":297,"column":4}},"222":{"start":{"line":298,"column":21},"end":{"line":302,"column":4}},"223":{"start":{"line":304,"column":2},"end":{"line":304,"column":28}},"224":{"start":{"line":305,"column":2},"end":{"line":305,"column":86}},"225":{"start":{"line":306,"column":2},"end":{"line":306,"column":27}},"226":{"start":{"line":307,"column":2},"end":{"line":307,"column":81}},"227":{"start":{"line":308,"column":2},"end":{"line":308,"column":73}},"228":{"start":{"line":311,"column":2},"end":{"line":311,"column":41}},"229":{"start":{"line":313,"column":2},"end":{"line":313,"column":44}},"230":{"start":{"line":317,"column":2},"end":{"line":317,"column":43}},"231":{"start":{"line":320,"column":27},"end":{"line":320,"column":56}},"232":{"start":{"line":321,"column":2},"end":{"line":325,"column":4}},"233":{"start":{"line":328,"column":21},"end":{"line":328,"column":50}},"234":{"start":{"line":329,"column":14},"end":{"line":329,"column":24}},"235":{"start":{"line":330,"column":21},"end":{"line":335,"column":4}},"236":{"start":{"line":336,"column":21},"end":{"line":340,"column":4}},"237":{"start":{"line":342,"column":2},"end":{"line":347,"column":4}},"238":{"start":{"line":350,"column":21},"end":{"line":350,"column":39}},"239":{"start":{"line":352,"column":2},"end":{"line":352,"column":43}},"240":{"start":{"line":353,"column":2},"end":{"line":353,"column":43}},"241":{"start":{"line":356,"column":2},"end":{"line":356,"column":47}},"242":{"start":{"line":357,"column":2},"end":{"line":357,"column":42}},"243":{"start":{"line":358,"column":2},"end":{"line":358,"column":46}},"244":{"start":{"line":360,"column":18},"end":{"line":369,"column":4}},"245":{"start":{"line":372,"column":2},"end":{"line":372,"column":46}},"246":{"start":{"line":374,"column":2},"end":{"line":374,"column":17}},"247":{"start":{"line":377,"column":0},"end":{"line":648,"column":3}},"248":{"start":{"line":379,"column":18},"end":{"line":379,"column":63}},"249":{"start":{"line":380,"column":24},"end":{"line":380,"column":65}},"250":{"start":{"line":381,"column":18},"end":{"line":381,"column":64}},"251":{"start":{"line":382,"column":26},"end":{"line":382,"column":45}},"252":{"start":{"line":384,"column":2},"end":{"line":384,"column":41}},"253":{"start":{"line":385,"column":2},"end":{"line":385,"column":32}},"254":{"start":{"line":386,"column":2},"end":{"line":386,"column":34}},"255":{"start":{"line":388,"column":2},"end":{"line":647,"column":3}},"256":{"start":{"line":390,"column":4},"end":{"line":390,"column":58}},"257":{"start":{"line":390,"column":33},"end":{"line":390,"column":56}},"258":{"start":{"line":393,"column":22},"end":{"line":393,"column":67}},"259":{"start":{"line":394,"column":4},"end":{"line":397,"column":5}},"260":{"start":{"line":395,"column":6},"end":{"line":395,"column":36}},"261":{"start":{"line":396,"column":6},"end":{"line":396,"column":13}},"262":{"start":{"line":399,"column":30},"end":{"line":399,"column":67}},"263":{"start":{"line":400,"column":4},"end":{"line":403,"column":5}},"264":{"start":{"line":401,"column":6},"end":{"line":401,"column":39}},"265":{"start":{"line":402,"column":6},"end":{"line":402,"column":13}},"266":{"start":{"line":406,"column":24},"end":{"line":406,"column":63}},"267":{"start":{"line":407,"column":4},"end":{"line":410,"column":5}},"268":{"start":{"line":408,"column":6},"end":{"line":408,"column":49}},"269":{"start":{"line":409,"column":6},"end":{"line":409,"column":13}},"270":{"start":{"line":412,"column":4},"end":{"line":412,"column":28}},"271":{"start":{"line":413,"column":4},"end":{"line":413,"column":45}},"272":{"start":{"line":414,"column":4},"end":{"line":414,"column":61}},"273":{"start":{"line":416,"column":26},"end":{"line":416,"column":58}},"274":{"start":{"line":419,"column":4},"end":{"line":490,"column":5}},"275":{"start":{"line":420,"column":6},"end":{"line":420,"column":37}},"276":{"start":{"line":421,"column":6},"end":{"line":489,"column":7}},"277":{"start":{"line":422,"column":24},"end":{"line":430,"column":10}},"278":{"start":{"line":432,"column":8},"end":{"line":432,"column":62}},"279":{"start":{"line":434,"column":8},"end":{"line":486,"column":9}},"280":{"start":{"line":436,"column":22},"end":{"line":436,"column":33}},"281":{"start":{"line":437,"column":10},"end":{"line":483,"column":12}},"282":{"start":{"line":438,"column":32},"end":{"line":438,"column":64}},"283":{"start":{"line":439,"column":24},"end":{"line":439,"column":52}},"284":{"start":{"line":441,"column":33},"end":{"line":441,"column":35}},"285":{"start":{"line":442,"column":12},"end":{"line":442,"column":42}},"286":{"start":{"line":443,"column":12},"end":{"line":443,"column":59}},"287":{"start":{"line":446,"column":12},"end":{"line":446,"column":38}},"288":{"start":{"line":447,"column":12},"end":{"line":447,"column":70}},"289":{"start":{"line":450,"column":24},"end":{"line":450,"column":34}},"290":{"start":{"line":451,"column":31},"end":{"line":456,"column":14}},"291":{"start":{"line":457,"column":31},"end":{"line":461,"column":14}},"292":{"start":{"line":463,"column":12},"end":{"line":463,"column":38}},"293":{"start":{"line":464,"column":12},"end":{"line":464,"column":96}},"294":{"start":{"line":465,"column":12},"end":{"line":465,"column":37}},"295":{"start":{"line":466,"column":12},"end":{"line":466,"column":91}},"296":{"start":{"line":467,"column":12},"end":{"line":467,"column":83}},"297":{"start":{"line":470,"column":12},"end":{"line":470,"column":48}},"298":{"start":{"line":472,"column":33},"end":{"line":472,"column":67}},"299":{"start":{"line":473,"column":28},"end":{"line":473,"column":265}},"300":{"start":{"line":474,"column":29},"end":{"line":474,"column":78}},"301":{"start":{"line":476,"column":12},"end":{"line":476,"column":52}},"302":{"start":{"line":477,"column":12},"end":{"line":477,"column":49}},"303":{"start":{"line":480,"column":12},"end":{"line":480,"column":43}},"304":{"start":{"line":481,"column":12},"end":{"line":481,"column":43}},"305":{"start":{"line":482,"column":12},"end":{"line":482,"column":50}},"306":{"start":{"line":484,"column":10},"end":{"line":484,"column":28}},"307":{"start":{"line":485,"column":10},"end":{"line":485,"column":17}},"308":{"start":{"line":488,"column":8},"end":{"line":488,"column":44}},"309":{"start":{"line":493,"column":4},"end":{"line":564,"column":5}},"310":{"start":{"line":494,"column":6},"end":{"line":494,"column":37}},"311":{"start":{"line":495,"column":6},"end":{"line":563,"column":7}},"312":{"start":{"line":496,"column":23},"end":{"line":506,"column":10}},"313":{"start":{"line":504,"column":12},"end":{"line":504,"column":77}},"314":{"start":{"line":508,"column":8},"end":{"line":508,"column":78}},"315":{"start":{"line":511,"column":28},"end":{"line":511,"column":60}},"316":{"start":{"line":512,"column":20},"end":{"line":512,"column":48}},"317":{"start":{"line":514,"column":29},"end":{"line":514,"column":31}},"318":{"start":{"line":515,"column":8},"end":{"line":515,"column":41}},"319":{"start":{"line":516,"column":8},"end":{"line":516,"column":58}},"320":{"start":{"line":519,"column":8},"end":{"line":519,"column":34}},"321":{"start":{"line":520,"column":8},"end":{"line":520,"column":66}},"322":{"start":{"line":523,"column":20},"end":{"line":523,"column":30}},"323":{"start":{"line":524,"column":27},"end":{"line":529,"column":10}},"324":{"start":{"line":530,"column":27},"end":{"line":534,"column":10}},"325":{"start":{"line":536,"column":8},"end":{"line":536,"column":34}},"326":{"start":{"line":537,"column":8},"end":{"line":537,"column":92}},"327":{"start":{"line":538,"column":8},"end":{"line":538,"column":33}},"328":{"start":{"line":539,"column":8},"end":{"line":539,"column":87}},"329":{"start":{"line":540,"column":8},"end":{"line":540,"column":79}},"330":{"start":{"line":543,"column":8},"end":{"line":543,"column":47}},"331":{"start":{"line":545,"column":24},"end":{"line":545,"column":58}},"332":{"start":{"line":546,"column":8},"end":{"line":546,"column":67}},"333":{"start":{"line":548,"column":8},"end":{"line":560,"column":9}},"334":{"start":{"line":549,"column":26},"end":{"line":549,"column":263}},"335":{"start":{"line":550,"column":27},"end":{"line":550,"column":76}},"336":{"start":{"line":552,"column":10},"end":{"line":552,"column":45}},"337":{"start":{"line":553,"column":10},"end":{"line":553,"column":50}},"338":{"start":{"line":556,"column":10},"end":{"line":556,"column":41}},"339":{"start":{"line":557,"column":10},"end":{"line":557,"column":41}},"340":{"start":{"line":558,"column":10},"end":{"line":558,"column":48}},"341":{"start":{"line":559,"column":10},"end":{"line":559,"column":17}},"342":{"start":{"line":562,"column":8},"end":{"line":562,"column":47}},"343":{"start":{"line":567,"column":4},"end":{"line":567,"column":37}},"344":{"start":{"line":568,"column":4},"end":{"line":568,"column":52}},"345":{"start":{"line":571,"column":24},"end":{"line":571,"column":47}},"346":{"start":{"line":572,"column":18},"end":{"line":572,"column":41}},"347":{"start":{"line":574,"column":19},"end":{"line":574,"column":51}},"348":{"start":{"line":575,"column":16},"end":{"line":575,"column":39}},"349":{"start":{"line":577,"column":21},"end":{"line":577,"column":23}},"350":{"start":{"line":578,"column":23},"end":{"line":578,"column":37}},"351":{"start":{"line":579,"column":20},"end":{"line":579,"column":22}},"352":{"start":{"line":581,"column":4},"end":{"line":581,"column":75}},"353":{"start":{"line":583,"column":25},"end":{"line":583,"column":84}},"354":{"start":{"line":583,"column":55},"end":{"line":583,"column":82}},"355":{"start":{"line":584,"column":4},"end":{"line":584,"column":48}},"356":{"start":{"line":585,"column":4},"end":{"line":585,"column":69}},"357":{"start":{"line":587,"column":4},"end":{"line":587,"column":30}},"358":{"start":{"line":588,"column":4},"end":{"line":588,"column":52}},"359":{"start":{"line":590,"column":16},"end":{"line":590,"column":26}},"360":{"start":{"line":591,"column":23},"end":{"line":596,"column":6}},"361":{"start":{"line":597,"column":23},"end":{"line":601,"column":6}},"362":{"start":{"line":603,"column":4},"end":{"line":603,"column":30}},"363":{"start":{"line":604,"column":4},"end":{"line":604,"column":88}},"364":{"start":{"line":605,"column":4},"end":{"line":605,"column":29}},"365":{"start":{"line":606,"column":4},"end":{"line":606,"column":78}},"366":{"start":{"line":607,"column":4},"end":{"line":607,"column":70}},"367":{"start":{"line":609,"column":4},"end":{"line":609,"column":30}},"368":{"start":{"line":610,"column":4},"end":{"line":610,"column":75}},"369":{"start":{"line":611,"column":4},"end":{"line":611,"column":27}},"370":{"start":{"line":613,"column":4},"end":{"line":627,"column":7}},"371":{"start":{"line":614,"column":16},"end":{"line":614,"column":41}},"372":{"start":{"line":616,"column":6},"end":{"line":624,"column":7}},"373":{"start":{"line":617,"column":8},"end":{"line":617,"column":34}},"374":{"start":{"line":618,"column":13},"end":{"line":624,"column":7}},"375":{"start":{"line":619,"column":8},"end":{"line":619,"column":34}},"376":{"start":{"line":620,"column":13},"end":{"line":624,"column":7}},"377":{"start":{"line":621,"column":8},"end":{"line":621,"column":34}},"378":{"start":{"line":623,"column":8},"end":{"line":623,"column":34}},"379":{"start":{"line":626,"column":6},"end":{"line":626,"column":37}},"380":{"start":{"line":629,"column":20},"end":{"line":629,"column":49}},"381":{"start":{"line":630,"column":20},"end":{"line":630,"column":257}},"382":{"start":{"line":631,"column":21},"end":{"line":631,"column":70}},"383":{"start":{"line":633,"column":4},"end":{"line":633,"column":39}},"384":{"start":{"line":636,"column":4},"end":{"line":636,"column":35}},"385":{"start":{"line":637,"column":4},"end":{"line":637,"column":35}},"386":{"start":{"line":638,"column":4},"end":{"line":638,"column":42}},"387":{"start":{"line":640,"column":4},"end":{"line":640,"column":37}},"388":{"start":{"line":641,"column":4},"end":{"line":641,"column":46}},"389":{"start":{"line":644,"column":4},"end":{"line":644,"column":35}},"390":{"start":{"line":645,"column":4},"end":{"line":645,"column":35}},"391":{"start":{"line":646,"column":4},"end":{"line":646,"column":42}},"392":{"start":{"line":651,"column":0},"end":{"line":664,"column":3}},"393":{"start":{"line":652,"column":2},"end":{"line":663,"column":5}},"394":{"start":{"line":653,"column":22},"end":{"line":653,"column":50}},"395":{"start":{"line":656,"column":4},"end":{"line":656,"column":55}},"396":{"start":{"line":656,"column":25},"end":{"line":656,"column":53}},"397":{"start":{"line":658,"column":4},"end":{"line":658,"column":71}},"398":{"start":{"line":658,"column":35},"end":{"line":658,"column":69}},"399":{"start":{"line":661,"column":4},"end":{"line":661,"column":32}},"400":{"start":{"line":662,"column":4},"end":{"line":662,"column":72}},"401":{"start":{"line":667,"column":0},"end":{"line":667,"column":15}}},"fnMap":{"0":{"name":"byteSize","decl":{"start":{"line":40,"column":9},"end":{"line":40,"column":17}},"loc":{"start":{"line":40,"column":23},"end":{"line":42,"column":1}},"line":40},"1":{"name":"countLines","decl":{"start":{"line":44,"column":9},"end":{"line":44,"column":19}},"loc":{"start":{"line":44,"column":25},"end":{"line":49,"column":1}},"line":44},"2":{"name":"countDependencySectionLines","decl":{"start":{"line":51,"column":9},"end":{"line":51,"column":36}},"loc":{"start":{"line":51,"column":42},"end":{"line":67,"column":1}},"line":51},"3":{"name":"shouldWarn","decl":{"start":{"line":68,"column":9},"end":{"line":68,"column":19}},"loc":{"start":{"line":68,"column":26},"end":{"line":74,"column":1}},"line":68},"4":{"name":"updateNotice","decl":{"start":{"line":75,"column":9},"end":{"line":75,"column":21}},"loc":{"start":{"line":75,"column":24},"end":{"line":78,"column":1}},"line":75},"5":{"name":"setError","decl":{"start":{"line":80,"column":9},"end":{"line":80,"column":17}},"loc":{"start":{"line":80,"column":22},"end":{"line":84,"column":1}},"line":80},"6":{"name":"enableCompare","decl":{"start":{"line":86,"column":9},"end":{"line":86,"column":22}},"loc":{"start":{"line":86,"column":24},"end":{"line":86,"column":72}},"line":86},"7":{"name":"restoreDropVisual","decl":{"start":{"line":87,"column":9},"end":{"line":87,"column":26}},"loc":{"start":{"line":87,"column":30},"end":{"line":87,"column":86}},"line":87},"8":{"name":"isTxtFile","decl":{"start":{"line":90,"column":9},"end":{"line":90,"column":18}},"loc":{"start":{"line":90,"column":24},"end":{"line":95,"column":1}},"line":90},"9":{"name":"readTxt","decl":{"start":{"line":97,"column":9},"end":{"line":97,"column":16}},"loc":{"start":{"line":97,"column":30},"end":{"line":103,"column":1}},"line":97},"10":{"name":"(anonymous_10)","decl":{"start":{"line":100,"column":18},"end":{"line":100,"column":19}},"loc":{"start":{"line":100,"column":23},"end":{"line":100,"column":52}},"line":100},"11":{"name":"(anonymous_11)","decl":{"start":{"line":101,"column":19},"end":{"line":101,"column":20}},"loc":{"start":{"line":101,"column":25},"end":{"line":101,"column":57}},"line":101},"12":{"name":"wireDropArea","decl":{"start":{"line":105,"column":9},"end":{"line":105,"column":21}},"loc":{"start":{"line":105,"column":55},"end":{"line":160,"column":1}},"line":105},"13":{"name":"(anonymous_13)","decl":{"start":{"line":106,"column":17},"end":{"line":106,"column":18}},"loc":{"start":{"line":106,"column":24},"end":{"line":106,"column":66}},"line":106},"14":{"name":"(anonymous_14)","decl":{"start":{"line":109,"column":37},"end":{"line":109,"column":38}},"loc":{"start":{"line":109,"column":43},"end":{"line":127,"column":3}},"line":109},"15":{"name":"(anonymous_15)","decl":{"start":{"line":119,"column":15},"end":{"line":119,"column":16}},"loc":{"start":{"line":119,"column":22},"end":{"line":126,"column":5}},"line":119},"16":{"name":"(anonymous_16)","decl":{"start":{"line":130,"column":38},"end":{"line":130,"column":39}},"loc":{"start":{"line":130,"column":43},"end":{"line":135,"column":3}},"line":130},"17":{"name":"(anonymous_17)","decl":{"start":{"line":136,"column":39},"end":{"line":136,"column":40}},"loc":{"start":{"line":136,"column":44},"end":{"line":136,"column":94}},"line":136},"18":{"name":"(anonymous_18)","decl":{"start":{"line":137,"column":34},"end":{"line":137,"column":35}},"loc":{"start":{"line":137,"column":39},"end":{"line":159,"column":3}},"line":137},"19":{"name":"(anonymous_19)","decl":{"start":{"line":150,"column":15},"end":{"line":150,"column":16}},"loc":{"start":{"line":150,"column":22},"end":{"line":157,"column":5}},"line":150},"20":{"name":"(anonymous_20)","decl":{"start":{"line":162,"column":40},"end":{"line":162,"column":41}},"loc":{"start":{"line":162,"column":47},"end":{"line":162,"column":60}},"line":162},"21":{"name":"(anonymous_21)","decl":{"start":{"line":163,"column":40},"end":{"line":163,"column":41}},"loc":{"start":{"line":163,"column":47},"end":{"line":163,"column":60}},"line":163},"22":{"name":"(anonymous_22)","decl":{"start":{"line":166,"column":37},"end":{"line":166,"column":38}},"loc":{"start":{"line":166,"column":49},"end":{"line":201,"column":1}},"line":166},"23":{"name":"(anonymous_23)","decl":{"start":{"line":178,"column":22},"end":{"line":178,"column":23}},"loc":{"start":{"line":178,"column":27},"end":{"line":178,"column":45}},"line":178},"24":{"name":"(anonymous_24)","decl":{"start":{"line":203,"column":34},"end":{"line":203,"column":35}},"loc":{"start":{"line":203,"column":46},"end":{"line":212,"column":1}},"line":203},"25":{"name":"(anonymous_25)","decl":{"start":{"line":210,"column":15},"end":{"line":210,"column":16}},"loc":{"start":{"line":210,"column":20},"end":{"line":210,"column":45}},"line":210},"26":{"name":"(anonymous_26)","decl":{"start":{"line":214,"column":35},"end":{"line":214,"column":36}},"loc":{"start":{"line":214,"column":41},"end":{"line":230,"column":1}},"line":214},"27":{"name":"(anonymous_27)","decl":{"start":{"line":232,"column":38},"end":{"line":232,"column":39}},"loc":{"start":{"line":232,"column":44},"end":{"line":236,"column":1}},"line":232},"28":{"name":"downloadDataUrl","decl":{"start":{"line":247,"column":9},"end":{"line":247,"column":24}},"loc":{"start":{"line":247,"column":44},"end":{"line":254,"column":1}},"line":247},"29":{"name":"captureWithHtml2Canvas","decl":{"start":{"line":256,"column":15},"end":{"line":256,"column":37}},"loc":{"start":{"line":256,"column":42},"end":{"line":314,"column":1}},"line":256},"30":{"name":"captureWithDomToImage","decl":{"start":{"line":316,"column":15},"end":{"line":316,"column":36}},"loc":{"start":{"line":316,"column":41},"end":{"line":375,"column":1}},"line":316},"31":{"name":"(anonymous_31)","decl":{"start":{"line":377,"column":44},"end":{"line":377,"column":45}},"loc":{"start":{"line":377,"column":56},"end":{"line":648,"column":1}},"line":377},"32":{"name":"(anonymous_32)","decl":{"start":{"line":390,"column":22},"end":{"line":390,"column":23}},"loc":{"start":{"line":390,"column":33},"end":{"line":390,"column":56}},"line":390},"33":{"name":"(anonymous_33)","decl":{"start":{"line":437,"column":23},"end":{"line":437,"column":24}},"loc":{"start":{"line":437,"column":29},"end":{"line":483,"column":11}},"line":437},"34":{"name":"(anonymous_34)","decl":{"start":{"line":502,"column":26},"end":{"line":502,"column":27}},"loc":{"start":{"line":502,"column":39},"end":{"line":505,"column":11}},"line":502},"35":{"name":"(anonymous_35)","decl":{"start":{"line":583,"column":47},"end":{"line":583,"column":48}},"loc":{"start":{"line":583,"column":55},"end":{"line":583,"column":82}},"line":583},"36":{"name":"(anonymous_36)","decl":{"start":{"line":613,"column":18},"end":{"line":613,"column":19}},"loc":{"start":{"line":613,"column":35},"end":{"line":627,"column":5}},"line":613},"37":{"name":"(anonymous_37)","decl":{"start":{"line":651,"column":16},"end":{"line":651,"column":17}},"loc":{"start":{"line":651,"column":23},"end":{"line":664,"column":1}},"line":651},"38":{"name":"(anonymous_38)","decl":{"start":{"line":652,"column":32},"end":{"line":652,"column":33}},"loc":{"start":{"line":652,"column":38},"end":{"line":663,"column":3}},"line":652},"39":{"name":"(anonymous_39)","decl":{"start":{"line":656,"column":20},"end":{"line":656,"column":21}},"loc":{"start":{"line":656,"column":25},"end":{"line":656,"column":53}},"line":656},"40":{"name":"(anonymous_40)","decl":{"start":{"line":658,"column":24},"end":{"line":658,"column":25}},"loc":{"start":{"line":658,"column":35},"end":{"line":658,"column":69}},"line":658}},"branchMap":{"0":{"loc":{"start":{"line":41,"column":19},"end":{"line":41,"column":28}},"type":"binary-expr","locations":[{"start":{"line":41,"column":19},"end":{"line":41,"column":22}},{"start":{"line":41,"column":26},"end":{"line":41,"column":28}}],"line":41},"1":{"loc":{"start":{"line":45,"column":2},"end":{"line":45,"column":21}},"type":"if","locations":[{"start":{"line":45,"column":2},"end":{"line":45,"column":21}},{"start":{},"end":{}}],"line":45},"2":{"loc":{"start":{"line":52,"column":2},"end":{"line":52,"column":21}},"type":"if","locations":[{"start":{"line":52,"column":2},"end":{"line":52,"column":21}},{"start":{},"end":{}}],"line":52},"3":{"loc":{"start":{"line":57,"column":4},"end":{"line":57,"column":77}},"type":"if","locations":[{"start":{"line":57,"column":4},"end":{"line":57,"column":77}},{"start":{},"end":{}}],"line":57},"4":{"loc":{"start":{"line":57,"column":8},"end":{"line":57,"column":54}},"type":"binary-expr","locations":[{"start":{"line":57,"column":8},"end":{"line":57,"column":29}},{"start":{"line":57,"column":33},"end":{"line":57,"column":54}}],"line":57},"5":{"loc":{"start":{"line":59,"column":2},"end":{"line":59,"column":29}},"type":"if","locations":[{"start":{"line":59,"column":2},"end":{"line":59,"column":29}},{"start":{},"end":{}}],"line":59},"6":{"loc":{"start":{"line":63,"column":4},"end":{"line":63,"column":30}},"type":"if","locations":[{"start":{"line":63,"column":4},"end":{"line":63,"column":30}},{"start":{},"end":{}}],"line":63},"7":{"loc":{"start":{"line":69,"column":2},"end":{"line":69,"column":26}},"type":"if","locations":[{"start":{"line":69,"column":2},"end":{"line":69,"column":26}},{"start":{},"end":{}}],"line":69},"8":{"loc":{"start":{"line":70,"column":2},"end":{"line":70,"column":46}},"type":"if","locations":[{"start":{"line":70,"column":2},"end":{"line":70,"column":46}},{"start":{},"end":{}}],"line":70},"9":{"loc":{"start":{"line":71,"column":2},"end":{"line":71,"column":48}},"type":"if","locations":[{"start":{"line":71,"column":2},"end":{"line":71,"column":48}},{"start":{},"end":{}}],"line":71},"10":{"loc":{"start":{"line":72,"column":2},"end":{"line":72,"column":77}},"type":"if","locations":[{"start":{"line":72,"column":2},"end":{"line":72,"column":77}},{"start":{},"end":{}}],"line":72},"11":{"loc":{"start":{"line":76,"column":15},"end":{"line":76,"column":57}},"type":"binary-expr","locations":[{"start":{"line":76,"column":15},"end":{"line":76,"column":34}},{"start":{"line":76,"column":38},"end":{"line":76,"column":57}}],"line":76},"12":{"loc":{"start":{"line":81,"column":25},"end":{"line":81,"column":34}},"type":"binary-expr","locations":[{"start":{"line":81,"column":25},"end":{"line":81,"column":28}},{"start":{"line":81,"column":32},"end":{"line":81,"column":34}}],"line":81},"13":{"loc":{"start":{"line":86,"column":50},"end":{"line":86,"column":68}},"type":"binary-expr","locations":[{"start":{"line":86,"column":50},"end":{"line":86,"column":57}},{"start":{"line":86,"column":61},"end":{"line":86,"column":68}}],"line":86},"14":{"loc":{"start":{"line":91,"column":2},"end":{"line":91,"column":26}},"type":"if","locations":[{"start":{"line":91,"column":2},"end":{"line":91,"column":26}},{"start":{},"end":{}}],"line":91},"15":{"loc":{"start":{"line":92,"column":2},"end":{"line":92,"column":46}},"type":"if","locations":[{"start":{"line":92,"column":2},"end":{"line":92,"column":46}},{"start":{},"end":{}}],"line":92},"16":{"loc":{"start":{"line":93,"column":16},"end":{"line":93,"column":31}},"type":"binary-expr","locations":[{"start":{"line":93,"column":16},"end":{"line":93,"column":25}},{"start":{"line":93,"column":29},"end":{"line":93,"column":31}}],"line":93},"17":{"loc":{"start":{"line":98,"column":2},"end":{"line":98,"column":20}},"type":"if","locations":[{"start":{"line":98,"column":2},"end":{"line":98,"column":20}},{"start":{},"end":{}}],"line":98},"18":{"loc":{"start":{"line":100,"column":30},"end":{"line":100,"column":51}},"type":"binary-expr","locations":[{"start":{"line":100,"column":30},"end":{"line":100,"column":45}},{"start":{"line":100,"column":49},"end":{"line":100,"column":51}}],"line":100},"19":{"loc":{"start":{"line":110,"column":14},"end":{"line":110,"column":47}},"type":"binary-expr","locations":[{"start":{"line":110,"column":14},"end":{"line":110,"column":27}},{"start":{"line":110,"column":31},"end":{"line":110,"column":47}}],"line":110},"20":{"loc":{"start":{"line":111,"column":4},"end":{"line":111,"column":19}},"type":"if","locations":[{"start":{"line":111,"column":4},"end":{"line":111,"column":19}},{"start":{},"end":{}}],"line":111},"21":{"loc":{"start":{"line":112,"column":4},"end":{"line":118,"column":5}},"type":"if","locations":[{"start":{"line":112,"column":4},"end":{"line":118,"column":5}},{"start":{},"end":{}}],"line":112},"22":{"loc":{"start":{"line":139,"column":14},"end":{"line":139,"column":61}},"type":"binary-expr","locations":[{"start":{"line":139,"column":14},"end":{"line":139,"column":34}},{"start":{"line":139,"column":38},"end":{"line":139,"column":61}}],"line":139},"23":{"loc":{"start":{"line":140,"column":4},"end":{"line":140,"column":50}},"type":"if","locations":[{"start":{"line":140,"column":4},"end":{"line":140,"column":50}},{"start":{},"end":{}}],"line":140},"24":{"loc":{"start":{"line":142,"column":4},"end":{"line":146,"column":5}},"type":"if","locations":[{"start":{"line":142,"column":4},"end":{"line":146,"column":5}},{"start":{},"end":{}}],"line":142},"25":{"loc":{"start":{"line":185,"column":35},"end":{"line":185,"column":64}},"type":"binary-expr","locations":[{"start":{"line":185,"column":35},"end":{"line":185,"column":47}},{"start":{"line":185,"column":51},"end":{"line":185,"column":64}}],"line":185},"26":{"loc":{"start":{"line":186,"column":35},"end":{"line":186,"column":64}},"type":"binary-expr","locations":[{"start":{"line":186,"column":35},"end":{"line":186,"column":47}},{"start":{"line":186,"column":51},"end":{"line":186,"column":64}}],"line":186},"27":{"loc":{"start":{"line":187,"column":36},"end":{"line":187,"column":66}},"type":"binary-expr","locations":[{"start":{"line":187,"column":36},"end":{"line":187,"column":49}},{"start":{"line":187,"column":53},"end":{"line":187,"column":66}}],"line":187},"28":{"loc":{"start":{"line":197,"column":36},"end":{"line":197,"column":50}},"type":"binary-expr","locations":[{"start":{"line":197,"column":36},"end":{"line":197,"column":45}},{"start":{"line":197,"column":49},"end":{"line":197,"column":50}}],"line":197},"29":{"loc":{"start":{"line":208,"column":40},"end":{"line":208,"column":68}},"type":"binary-expr","locations":[{"start":{"line":208,"column":40},"end":{"line":208,"column":62}},{"start":{"line":208,"column":66},"end":{"line":208,"column":68}}],"line":208},"30":{"loc":{"start":{"line":235,"column":31},"end":{"line":235,"column":58}},"type":"cond-expr","locations":[{"start":{"line":235,"column":42},"end":{"line":235,"column":48}},{"start":{"line":235,"column":51},"end":{"line":235,"column":58}}],"line":235},"31":{"loc":{"start":{"line":259,"column":2},"end":{"line":261,"column":3}},"type":"if","locations":[{"start":{"line":259,"column":2},"end":{"line":261,"column":3}},{"start":{},"end":{}}],"line":259},"32":{"loc":{"start":{"line":394,"column":4},"end":{"line":397,"column":5}},"type":"if","locations":[{"start":{"line":394,"column":4},"end":{"line":397,"column":5}},{"start":{},"end":{}}],"line":394},"33":{"loc":{"start":{"line":400,"column":4},"end":{"line":403,"column":5}},"type":"if","locations":[{"start":{"line":400,"column":4},"end":{"line":403,"column":5}},{"start":{},"end":{}}],"line":400},"34":{"loc":{"start":{"line":407,"column":4},"end":{"line":410,"column":5}},"type":"if","locations":[{"start":{"line":407,"column":4},"end":{"line":410,"column":5}},{"start":{},"end":{}}],"line":407},"35":{"loc":{"start":{"line":407,"column":8},"end":{"line":407,"column":55}},"type":"binary-expr","locations":[{"start":{"line":407,"column":8},"end":{"line":407,"column":20}},{"start":{"line":407,"column":24},"end":{"line":407,"column":55}}],"line":407},"36":{"loc":{"start":{"line":419,"column":4},"end":{"line":490,"column":5}},"type":"if","locations":[{"start":{"line":419,"column":4},"end":{"line":490,"column":5}},{"start":{},"end":{}}],"line":419},"37":{"loc":{"start":{"line":434,"column":8},"end":{"line":486,"column":9}},"type":"if","locations":[{"start":{"line":434,"column":8},"end":{"line":486,"column":9}},{"start":{},"end":{}}],"line":434},"38":{"loc":{"start":{"line":493,"column":4},"end":{"line":564,"column":5}},"type":"if","locations":[{"start":{"line":493,"column":4},"end":{"line":564,"column":5}},{"start":{},"end":{}}],"line":493},"39":{"loc":{"start":{"line":504,"column":19},"end":{"line":504,"column":76}},"type":"binary-expr","locations":[{"start":{"line":504,"column":19},"end":{"line":504,"column":44}},{"start":{"line":504,"column":48},"end":{"line":504,"column":76}}],"line":504},"40":{"loc":{"start":{"line":548,"column":8},"end":{"line":560,"column":9}},"type":"if","locations":[{"start":{"line":548,"column":8},"end":{"line":560,"column":9}},{"start":{},"end":{}}],"line":548},"41":{"loc":{"start":{"line":616,"column":6},"end":{"line":624,"column":7}},"type":"if","locations":[{"start":{"line":616,"column":6},"end":{"line":624,"column":7}},{"start":{"line":618,"column":13},"end":{"line":624,"column":7}}],"line":616},"42":{"loc":{"start":{"line":618,"column":13},"end":{"line":624,"column":7}},"type":"if","locations":[{"start":{"line":618,"column":13},"end":{"line":624,"column":7}},{"start":{"line":620,"column":13},"end":{"line":624,"column":7}}],"line":618},"43":{"loc":{"start":{"line":620,"column":13},"end":{"line":624,"column":7}},"type":"if","locations":[{"start":{"line":620,"column":13},"end":{"line":624,"column":7}},{"start":{"line":622,"column":13},"end":{"line":624,"column":7}}],"line":620}},"s":{"0":0,"1":0,"2":0,"3":0,"4":0,"5":0,"6":0,"7":0,"8":0,"9":0,"10":0,"11":0,"12":0,"13":0,"14":0,"15":0,"16":0,"17":0,"18":0,"19":0,"20":0,"21":0,"22":0,"23":0,"24":0,"25":0,"26":0,"27":0,"28":0,"29":0,"30":0,"31":0,"32":0,"33":0,"34":0,"35":0,"36":0,"37":0,"38":0,"39":0,"40":0,"41":0,"42":0,"43":0,"44":0,"45":0,"46":0,"47":0,"48":0,"49":0,"50":0,"51":0,"52":0,"53":0,"54":0,"55":0,"56":0,"57":0,"58":0,"59":0,"60":0,"61":0,"62":0,"63":0,"64":0,"65":0,"66":0,"67":0,"68":0,"69":0,"70":0,"71":0,"72":0,"73":0,"74":0,"75":0,"76":0,"77":0,"78":0,"79":0,"80":0,"81":0,"82":0,"83":0,"84":0,"85":0,"86":0,"87":0,"88":0,"89":0,"90":0,"91":0,"92":0,"93":0,"94":0,"95":0,"96":0,"97":0,"98":0,"99":0,"100":0,"101":0,"102":0,"103":0,"104":0,"105":0,"106":0,"107":0,"108":0,"109":0,"110":0,"111":0,"112":0,"113":0,"114":0,"115":0,"116":0,"117":0,"118":0,"119":0,"120":0,"121":0,"122":0,"123":0,"124":0,"125":0,"126":0,"127":0,"128":0,"129":0,"130":0,"131":0,"132":0,"133":0,"134":0,"135":0,"136":0,"137":0,"138":0,"139":0,"140":0,"141":0,"142":0,"143":0,"144":0,"145":0,"146":0,"147":0,"148":0,"149":0,"150":0,"151":0,"152":0,"153":0,"154":0,"155":0,"156":0,"157":0,"158":0,"159":0,"160":0,"161":0,"162":0,"163":0,"164":0,"165":0,"166":0,"167":0,"168":0,"169":0,"170":0,"171":0,"172":0,"173":0,"174":0,"175":0,"176":0,"177":0,"178":0,"179":0,"180":0,"181":0,"182":0,"183":0,"184":0,"185":0,"186":0,"187":0,"188":0,"189":0,"190":0,"191":0,"192":0,"193":0,"194":0,"195":0,"196":0,"197":0,"198":0,"199":0,"200":0,"201":0,"202":0,"203":0,"204":0,"205":0,"206":0,"207":0,"208":0,"209":0,"210":0,"211":0,"212":0,"213":0,"214":0,"215":0,"216":0,"217":0,"218":0,"219":0,"220":0,"221":0,"222":0,"223":0,"224":0,"225":0,"226":0,"227":0,"228":0,"229":0,"230":0,"231":0,"232":0,"233":0,"234":0,"235":0,"236":0,"237":0,"238":0,"239":0,"240":0,"241":0,"242":0,"243":0,"244":0,"245":0,"246":0,"247":0,"248":0,"249":0,"250":0,"251":0,"252":0,"253":0,"254":0,"255":0,"256":0,"257":0,"258":0,"259":0,"260":0,"261":0,"262":0,"263":0,"264":0,"265":0,"266":0,"267":0,"268":0,"269":0,"270":0,"271":0,"272":0,"273":0,"274":0,"275":0,"276":0,"277":0,"278":0,"279":0,"280":0,"281":0,"282":0,"283":0,"284":0,"285":0,"286":0,"287":0,"288":0,"289":0,"290":0,"291":0,"292":0,"293":0,"294":0,"295":0,"296":0,"297":0,"298":0,"299":0,"300":0,"301":0,"302":0,"303":0,"304":0,"305":0,"306":0,"307":0,"308":0,"309":0,"310":0,"311":0,"312":0,"313":0,"314":0,"315":0,"316":0,"317":0,"318":0,"319":0,"320":0,"321":0,"322":0,"323":0,"324":0,"325":0,"326":0,"327":0,"328":0,"329":0,"330":0,"331":0,"332":0,"333":0,"334":0,"335":0,"336":0,"337":0,"338":0,"339":0,"340":0,"341":0,"342":0,"343":0,"344":0,"345":0,"346":0,"347":0,"348":0,"349":0,"350":0,"351":0,"352":0,"353":0,"354":0,"355":0,"356":0,"357":0,"358":0,"359":0,"360":0,"361":0,"362":0,"363":0,"364":0,"365":0,"366":0,"367":0,"368":0,"369":0,"370":0,"371":0,"372":0,"373":0,"374":0,"375":0,"376":0,"377":0,"378":0,"379":0,"380":0,"381":0,"382":0,"383":0,"384":0,"385":0,"386":0,"387":0,"388":0,"389":0,"390":0,"391":0,"392":0,"393":0,"394":0,"395":0,"396":0,"397":0,"398":0,"399":0,"400":0,"401":0},"f":{"0":0,"1":0,"2":0,"3":0,"4":0,"5":0,"6":0,"7":0,"8":0,"9":0,"10":0,"11":0,"12":0,"13":0,"14":0,"15":0,"16":0,"17":0,"18":0,"19":0,"20":0,"21":0,"22":0,"23":0,"24":0,"25":0,"26":0,"27":0,"28":0,"29":0,"30":0,"31":0,"32":0,"33":0,"34":0,"35":0,"36":0,"37":0,"38":0,"39":0,"40":0},"b":{"0":[0,0],"1":[0,0],"2":[0,0],"3":[0,0],"4":[0,0],"5":[0,0],"6":[0,0],"7":[0,0],"8":[0,0],"9":[0,0],"10":[0,0],"11":[0,0],"12":[0,0],"13":[0,0],"14":[0,0],"15":[0,0],"16":[0,0],"17":[0,0],"18":[0,0],"19":[0,0],"20":[0,0],"21":[0,0],"22":[0,0],"23":[0,0],"24":[0,0],"25":[0,0],"26":[0,0],"27":[0,0],"28":[0,0],"29":[0,0],"30":[0,0],"31":[0,0],"32":[0,0],"33":[0,0],"34":[0,0],"35":[0,0],"36":[0,0],"37":[0,0],"38":[0,0],"39":[0,0],"40":[0,0],"41":[0,0],"42":[0,0],"43":[0,0]}}
,"/Users/dongh/Documents/android-util/Android-Dependecy-Tree-Diff-Viewer/js/dependency-diff-flattened.js": {"path":"/Users/dongh/Documents/android-util/Android-Dependecy-Tree-Diff-Viewer/js/dependency-diff-flattened.js","statementMap":{"0":{"start":{"line":12,"column":17},"end":{"line":12,"column":50}},"1":{"start":{"line":13,"column":17},"end":{"line":13,"column":50}},"2":{"start":{"line":14,"column":15},"end":{"line":14,"column":48}},"3":{"start":{"line":18,"column":2},"end":{"line":24,"column":3}},"4":{"start":{"line":19,"column":21},"end":{"line":19,"column":63}},"5":{"start":{"line":20,"column":24},"end":{"line":20,"column":76}},"6":{"start":{"line":23,"column":4},"end":{"line":23,"column":40}},"7":{"start":{"line":28,"column":29},"end":{"line":28,"column":94}},"8":{"start":{"line":30,"column":2},"end":{"line":30,"column":65}},"9":{"start":{"line":34,"column":27},"end":{"line":34,"column":83}},"10":{"start":{"line":35,"column":2},"end":{"line":35,"column":53}},"11":{"start":{"line":39,"column":14},"end":{"line":39,"column":33}},"12":{"start":{"line":40,"column":2},"end":{"line":45,"column":3}},"13":{"start":{"line":41,"column":14},"end":{"line":41,"column":49}},"14":{"start":{"line":42,"column":4},"end":{"line":42,"column":21}},"15":{"start":{"line":42,"column":12},"end":{"line":42,"column":21}},"16":{"start":{"line":44,"column":4},"end":{"line":44,"column":28}},"17":{"start":{"line":46,"column":2},"end":{"line":46,"column":13}},"18":{"start":{"line":49,"column":33},"end":{"line":49,"column":68}},"19":{"start":{"line":53,"column":16},"end":{"line":53,"column":39}},"20":{"start":{"line":54,"column":16},"end":{"line":54,"column":25}},"21":{"start":{"line":55,"column":18},"end":{"line":55,"column":27}},"22":{"start":{"line":57,"column":2},"end":{"line":85,"column":3}},"23":{"start":{"line":59,"column":4},"end":{"line":59,"column":65}},"24":{"start":{"line":59,"column":56},"end":{"line":59,"column":65}},"25":{"start":{"line":61,"column":20},"end":{"line":61,"column":40}},"26":{"start":{"line":62,"column":19},"end":{"line":62,"column":68}},"27":{"start":{"line":63,"column":4},"end":{"line":63,"column":41}},"28":{"start":{"line":63,"column":32},"end":{"line":63,"column":41}},"29":{"start":{"line":66,"column":4},"end":{"line":66,"column":53}},"30":{"start":{"line":66,"column":44},"end":{"line":66,"column":53}},"31":{"start":{"line":68,"column":30},"end":{"line":68,"column":36}},"32":{"start":{"line":71,"column":18},"end":{"line":71,"column":67}},"33":{"start":{"line":72,"column":18},"end":{"line":72,"column":67}},"34":{"start":{"line":74,"column":4},"end":{"line":84,"column":5}},"35":{"start":{"line":76,"column":6},"end":{"line":78,"column":7}},"36":{"start":{"line":77,"column":8},"end":{"line":77,"column":33}},"37":{"start":{"line":81,"column":6},"end":{"line":83,"column":7}},"38":{"start":{"line":82,"column":8},"end":{"line":82,"column":35}},"39":{"start":{"line":87,"column":2},"end":{"line":87,"column":28}},"40":{"start":{"line":92,"column":24},"end":{"line":92,"column":65}},"41":{"start":{"line":92,"column":55},"end":{"line":92,"column":63}},"42":{"start":{"line":93,"column":26},"end":{"line":93,"column":69}},"43":{"start":{"line":93,"column":59},"end":{"line":93,"column":67}},"44":{"start":{"line":94,"column":26},"end":{"line":94,"column":69}},"45":{"start":{"line":94,"column":59},"end":{"line":94,"column":67}},"46":{"start":{"line":97,"column":2},"end":{"line":114,"column":3}},"47":{"start":{"line":98,"column":4},"end":{"line":113,"column":5}},"48":{"start":{"line":100,"column":6},"end":{"line":112,"column":7}},"49":{"start":{"line":101,"column":28},"end":{"line":101,"column":71}},"50":{"start":{"line":101,"column":54},"end":{"line":101,"column":70}},"51":{"start":{"line":102,"column":8},"end":{"line":109,"column":9}},"52":{"start":{"line":103,"column":10},"end":{"line":107,"column":13}},"53":{"start":{"line":108,"column":10},"end":{"line":108,"column":71}},"54":{"start":{"line":108,"column":53},"end":{"line":108,"column":69}},"55":{"start":{"line":111,"column":8},"end":{"line":111,"column":42}},"56":{"start":{"line":117,"column":2},"end":{"line":134,"column":3}},"57":{"start":{"line":118,"column":4},"end":{"line":133,"column":5}},"58":{"start":{"line":120,"column":6},"end":{"line":132,"column":7}},"59":{"start":{"line":121,"column":26},"end":{"line":121,"column":67}},"60":{"start":{"line":121,"column":50},"end":{"line":121,"column":66}},"61":{"start":{"line":122,"column":8},"end":{"line":129,"column":9}},"62":{"start":{"line":123,"column":10},"end":{"line":127,"column":13}},"63":{"start":{"line":128,"column":10},"end":{"line":128,"column":67}},"64":{"start":{"line":128,"column":49},"end":{"line":128,"column":65}},"65":{"start":{"line":131,"column":8},"end":{"line":131,"column":44}},"66":{"start":{"line":137,"column":2},"end":{"line":137,"column":55}},"67":{"start":{"line":137,"column":27},"end":{"line":137,"column":53}},"68":{"start":{"line":138,"column":2},"end":{"line":138,"column":57}},"69":{"start":{"line":138,"column":29},"end":{"line":138,"column":55}},"70":{"start":{"line":139,"column":2},"end":{"line":139,"column":57}},"71":{"start":{"line":139,"column":29},"end":{"line":139,"column":55}},"72":{"start":{"line":143,"column":2},"end":{"line":143,"column":25}},"73":{"start":{"line":143,"column":13},"end":{"line":143,"column":25}},"74":{"start":{"line":146,"column":19},"end":{"line":149,"column":11}},"75":{"start":{"line":152,"column":2},"end":{"line":154,"column":3}},"76":{"start":{"line":153,"column":4},"end":{"line":153,"column":16}},"77":{"start":{"line":157,"column":2},"end":{"line":159,"column":3}},"78":{"start":{"line":158,"column":4},"end":{"line":158,"column":52}},"79":{"start":{"line":162,"column":12},"end":{"line":164,"column":3}},"80":{"start":{"line":165,"column":2},"end":{"line":165,"column":22}},"81":{"start":{"line":165,"column":10},"end":{"line":165,"column":22}},"82":{"start":{"line":167,"column":16},"end":{"line":167,"column":20}},"83":{"start":{"line":168,"column":19},"end":{"line":168,"column":23}},"84":{"start":{"line":169,"column":22},"end":{"line":169,"column":26}},"85":{"start":{"line":170,"column":19},"end":{"line":170,"column":23}},"86":{"start":{"line":172,"column":14},"end":{"line":172,"column":36}},"87":{"start":{"line":173,"column":19},"end":{"line":173,"column":42}},"88":{"start":{"line":174,"column":2},"end":{"line":174,"column":50}},"89":{"start":{"line":174,"column":38},"end":{"line":174,"column":50}},"90":{"start":{"line":176,"column":2},"end":{"line":176,"column":27}},"91":{"start":{"line":180,"column":21},"end":{"line":180,"column":40}},"92":{"start":{"line":181,"column":20},"end":{"line":181,"column":38}},"93":{"start":{"line":182,"column":15},"end":{"line":182,"column":34}},"94":{"start":{"line":183,"column":15},"end":{"line":183,"column":33}},"95":{"start":{"line":185,"column":16},"end":{"line":185,"column":18}},"96":{"start":{"line":186,"column":18},"end":{"line":186,"column":20}},"97":{"start":{"line":187,"column":18},"end":{"line":187,"column":20}},"98":{"start":{"line":189,"column":2},"end":{"line":191,"column":3}},"99":{"start":{"line":190,"column":4},"end":{"line":190,"column":63}},"100":{"start":{"line":190,"column":22},"end":{"line":190,"column":63}},"101":{"start":{"line":192,"column":2},"end":{"line":194,"column":3}},"102":{"start":{"line":193,"column":4},"end":{"line":193,"column":66}},"103":{"start":{"line":193,"column":22},"end":{"line":193,"column":66}},"104":{"start":{"line":195,"column":2},"end":{"line":199,"column":3}},"105":{"start":{"line":196,"column":4},"end":{"line":198,"column":5}},"106":{"start":{"line":197,"column":6},"end":{"line":197,"column":66}},"107":{"start":{"line":201,"column":2},"end":{"line":201,"column":48}},"108":{"start":{"line":201,"column":20},"end":{"line":201,"column":46}},"109":{"start":{"line":202,"column":2},"end":{"line":202,"column":50}},"110":{"start":{"line":202,"column":22},"end":{"line":202,"column":48}},"111":{"start":{"line":203,"column":2},"end":{"line":203,"column":50}},"112":{"start":{"line":203,"column":22},"end":{"line":203,"column":48}},"113":{"start":{"line":205,"column":2},"end":{"line":205,"column":37}},"114":{"start":{"line":209,"column":14},"end":{"line":209,"column":75}},"115":{"start":{"line":209,"column":24},"end":{"line":209,"column":75}},"116":{"start":{"line":210,"column":12},"end":{"line":210,"column":14}},"117":{"start":{"line":211,"column":2},"end":{"line":211,"column":75}},"118":{"start":{"line":213,"column":2},"end":{"line":213,"column":39}},"119":{"start":{"line":214,"column":2},"end":{"line":219,"column":3}},"120":{"start":{"line":215,"column":4},"end":{"line":215,"column":26}},"121":{"start":{"line":217,"column":4},"end":{"line":217,"column":76}},"122":{"start":{"line":217,"column":28},"end":{"line":217,"column":76}},"123":{"start":{"line":218,"column":4},"end":{"line":218,"column":16}},"124":{"start":{"line":221,"column":2},"end":{"line":221,"column":43}},"125":{"start":{"line":222,"column":2},"end":{"line":227,"column":3}},"126":{"start":{"line":223,"column":4},"end":{"line":223,"column":26}},"127":{"start":{"line":225,"column":4},"end":{"line":225,"column":78}},"128":{"start":{"line":225,"column":30},"end":{"line":225,"column":78}},"129":{"start":{"line":226,"column":4},"end":{"line":226,"column":16}},"130":{"start":{"line":229,"column":2},"end":{"line":229,"column":43}},"131":{"start":{"line":230,"column":2},"end":{"line":236,"column":3}},"132":{"start":{"line":231,"column":4},"end":{"line":231,"column":24}},"133":{"start":{"line":233,"column":4},"end":{"line":235,"column":5}},"134":{"start":{"line":234,"column":6},"end":{"line":234,"column":77}},"135":{"start":{"line":237,"column":2},"end":{"line":237,"column":13}},"136":{"start":{"line":243,"column":23},"end":{"line":243,"column":25}},"137":{"start":{"line":244,"column":23},"end":{"line":246,"column":3}},"138":{"start":{"line":245,"column":12},"end":{"line":245,"column":76}},"139":{"start":{"line":247,"column":2},"end":{"line":247,"column":53}},"140":{"start":{"line":247,"column":33},"end":{"line":247,"column":53}},"141":{"start":{"line":249,"column":19},"end":{"line":249,"column":40}},"142":{"start":{"line":251,"column":2},"end":{"line":306,"column":3}},"143":{"start":{"line":252,"column":23},"end":{"line":252,"column":33}},"144":{"start":{"line":253,"column":26},"end":{"line":253,"column":28}},"145":{"start":{"line":254,"column":22},"end":{"line":254,"column":24}},"146":{"start":{"line":256,"column":4},"end":{"line":269,"column":5}},"147":{"start":{"line":256,"column":17},"end":{"line":256,"column":18}},"148":{"start":{"line":257,"column":19},"end":{"line":257,"column":30}},"149":{"start":{"line":258,"column":6},"end":{"line":268,"column":7}},"150":{"start":{"line":259,"column":8},"end":{"line":259,"column":28}},"151":{"start":{"line":261,"column":22},"end":{"line":261,"column":53}},"152":{"start":{"line":262,"column":8},"end":{"line":266,"column":9}},"153":{"start":{"line":263,"column":10},"end":{"line":263,"column":44}},"154":{"start":{"line":265,"column":10},"end":{"line":265,"column":26}},"155":{"start":{"line":267,"column":8},"end":{"line":267,"column":14}},"156":{"start":{"line":270,"column":4},"end":{"line":270,"column":41}},"157":{"start":{"line":270,"column":32},"end":{"line":270,"column":41}},"158":{"start":{"line":272,"column":23},"end":{"line":272,"column":55}},"159":{"start":{"line":274,"column":4},"end":{"line":301,"column":5}},"160":{"start":{"line":274,"column":17},"end":{"line":274,"column":36}},"161":{"start":{"line":275,"column":19},"end":{"line":275,"column":30}},"162":{"start":{"line":278,"column":20},"end":{"line":278,"column":51}},"163":{"start":{"line":279,"column":6},"end":{"line":279,"column":27}},"164":{"start":{"line":279,"column":18},"end":{"line":279,"column":27}},"165":{"start":{"line":281,"column":27},"end":{"line":281,"column":46}},"166":{"start":{"line":282,"column":6},"end":{"line":282,"column":45}},"167":{"start":{"line":282,"column":39},"end":{"line":282,"column":45}},"168":{"start":{"line":284,"column":21},"end":{"line":284,"column":57}},"169":{"start":{"line":285,"column":6},"end":{"line":285,"column":81}},"170":{"start":{"line":285,"column":72},"end":{"line":285,"column":81}},"171":{"start":{"line":290,"column":26},"end":{"line":290,"column":83}},"172":{"start":{"line":291,"column":29},"end":{"line":291,"column":85}},"173":{"start":{"line":291,"column":57},"end":{"line":291,"column":84}},"174":{"start":{"line":293,"column":6},"end":{"line":300,"column":7}},"175":{"start":{"line":294,"column":8},"end":{"line":299,"column":11}},"176":{"start":{"line":303,"column":4},"end":{"line":305,"column":5}},"177":{"start":{"line":304,"column":6},"end":{"line":304,"column":36}},"178":{"start":{"line":307,"column":2},"end":{"line":307,"column":22}},"179":{"start":{"line":312,"column":14},"end":{"line":312,"column":75}},"180":{"start":{"line":312,"column":24},"end":{"line":312,"column":75}},"181":{"start":{"line":313,"column":12},"end":{"line":313,"column":14}},"182":{"start":{"line":314,"column":2},"end":{"line":314,"column":75}},"183":{"start":{"line":317,"column":21},"end":{"line":317,"column":110}},"184":{"start":{"line":317,"column":76},"end":{"line":317,"column":106}},"185":{"start":{"line":318,"column":2},"end":{"line":318,"column":37}},"186":{"start":{"line":320,"column":2},"end":{"line":336,"column":3}},"187":{"start":{"line":321,"column":4},"end":{"line":321,"column":26}},"188":{"start":{"line":324,"column":4},"end":{"line":326,"column":5}},"189":{"start":{"line":325,"column":6},"end":{"line":325,"column":54}},"190":{"start":{"line":329,"column":4},"end":{"line":334,"column":5}},"191":{"start":{"line":330,"column":6},"end":{"line":333,"column":7}},"192":{"start":{"line":331,"column":23},"end":{"line":331,"column":52}},"193":{"start":{"line":332,"column":8},"end":{"line":332,"column":85}},"194":{"start":{"line":335,"column":4},"end":{"line":335,"column":16}},"195":{"start":{"line":339,"column":2},"end":{"line":339,"column":48}},"196":{"start":{"line":340,"column":2},"end":{"line":345,"column":3}},"197":{"start":{"line":341,"column":4},"end":{"line":341,"column":26}},"198":{"start":{"line":343,"column":4},"end":{"line":343,"column":83}},"199":{"start":{"line":343,"column":35},"end":{"line":343,"column":83}},"200":{"start":{"line":344,"column":4},"end":{"line":344,"column":16}},"201":{"start":{"line":348,"column":2},"end":{"line":348,"column":48}},"202":{"start":{"line":349,"column":2},"end":{"line":355,"column":3}},"203":{"start":{"line":350,"column":4},"end":{"line":350,"column":24}},"204":{"start":{"line":352,"column":4},"end":{"line":354,"column":5}},"205":{"start":{"line":353,"column":6},"end":{"line":353,"column":77}},"206":{"start":{"line":356,"column":2},"end":{"line":356,"column":13}},"207":{"start":{"line":360,"column":0},"end":{"line":360,"column":65}},"208":{"start":{"line":361,"column":0},"end":{"line":361,"column":47}}},"fnMap":{"0":{"name":"dependencyTreeDiffFlattened","decl":{"start":{"line":10,"column":9},"end":{"line":10,"column":36}},"loc":{"start":{"line":10,"column":52},"end":{"line":31,"column":1}},"line":10},"1":{"name":"diffFilesFlattened","decl":{"start":{"line":33,"column":15},"end":{"line":33,"column":33}},"loc":{"start":{"line":33,"column":56},"end":{"line":36,"column":1}},"line":33},"2":{"name":"buildResolvedMapFlattened","decl":{"start":{"line":38,"column":9},"end":{"line":38,"column":34}},"loc":{"start":{"line":38,"column":40},"end":{"line":47,"column":1}},"line":38},"3":{"name":"splitLinesFlattened","decl":{"start":{"line":49,"column":9},"end":{"line":49,"column":28}},"loc":{"start":{"line":49,"column":31},"end":{"line":49,"column":70}},"line":49},"4":{"name":"extractChangesFromFullDiff","decl":{"start":{"line":52,"column":9},"end":{"line":52,"column":35}},"loc":{"start":{"line":52,"column":62},"end":{"line":88,"column":1}},"line":52},"5":{"name":"mergeDiffResults","decl":{"start":{"line":91,"column":9},"end":{"line":91,"column":25}},"loc":{"start":{"line":91,"column":45},"end":{"line":140,"column":1}},"line":91},"6":{"name":"(anonymous_6)","decl":{"start":{"line":92,"column":47},"end":{"line":92,"column":48}},"loc":{"start":{"line":92,"column":55},"end":{"line":92,"column":63}},"line":92},"7":{"name":"(anonymous_7)","decl":{"start":{"line":93,"column":51},"end":{"line":93,"column":52}},"loc":{"start":{"line":93,"column":59},"end":{"line":93,"column":67}},"line":93},"8":{"name":"(anonymous_8)","decl":{"start":{"line":94,"column":51},"end":{"line":94,"column":52}},"loc":{"start":{"line":94,"column":59},"end":{"line":94,"column":67}},"line":94},"9":{"name":"(anonymous_9)","decl":{"start":{"line":101,"column":46},"end":{"line":101,"column":47}},"loc":{"start":{"line":101,"column":54},"end":{"line":101,"column":70}},"line":101},"10":{"name":"(anonymous_10)","decl":{"start":{"line":108,"column":45},"end":{"line":108,"column":46}},"loc":{"start":{"line":108,"column":53},"end":{"line":108,"column":69}},"line":108},"11":{"name":"(anonymous_11)","decl":{"start":{"line":121,"column":42},"end":{"line":121,"column":43}},"loc":{"start":{"line":121,"column":50},"end":{"line":121,"column":66}},"line":121},"12":{"name":"(anonymous_12)","decl":{"start":{"line":128,"column":41},"end":{"line":128,"column":42}},"loc":{"start":{"line":128,"column":49},"end":{"line":128,"column":65}},"line":128},"13":{"name":"(anonymous_13)","decl":{"start":{"line":137,"column":18},"end":{"line":137,"column":19}},"loc":{"start":{"line":137,"column":27},"end":{"line":137,"column":53}},"line":137},"14":{"name":"(anonymous_14)","decl":{"start":{"line":138,"column":20},"end":{"line":138,"column":21}},"loc":{"start":{"line":138,"column":29},"end":{"line":138,"column":55}},"line":138},"15":{"name":"(anonymous_15)","decl":{"start":{"line":139,"column":20},"end":{"line":139,"column":21}},"loc":{"start":{"line":139,"column":29},"end":{"line":139,"column":55}},"line":139},"16":{"name":"parseLineToCoordinateFlattened","decl":{"start":{"line":142,"column":9},"end":{"line":142,"column":39}},"loc":{"start":{"line":142,"column":45},"end":{"line":177,"column":1}},"line":142},"17":{"name":"diffMapsFlattened","decl":{"start":{"line":179,"column":9},"end":{"line":179,"column":26}},"loc":{"start":{"line":179,"column":41},"end":{"line":206,"column":1}},"line":179},"18":{"name":"(anonymous_18)","decl":{"start":{"line":201,"column":13},"end":{"line":201,"column":14}},"loc":{"start":{"line":201,"column":20},"end":{"line":201,"column":46}},"line":201},"19":{"name":"(anonymous_19)","decl":{"start":{"line":202,"column":15},"end":{"line":202,"column":16}},"loc":{"start":{"line":202,"column":22},"end":{"line":202,"column":48}},"line":202},"20":{"name":"(anonymous_20)","decl":{"start":{"line":203,"column":15},"end":{"line":203,"column":16}},"loc":{"start":{"line":203,"column":22},"end":{"line":203,"column":48}},"line":203},"21":{"name":"formatReportFlattened","decl":{"start":{"line":208,"column":9},"end":{"line":208,"column":30}},"loc":{"start":{"line":208,"column":59},"end":{"line":238,"column":1}},"line":208},"22":{"name":"(anonymous_22)","decl":{"start":{"line":209,"column":14},"end":{"line":209,"column":15}},"loc":{"start":{"line":209,"column":24},"end":{"line":209,"column":75}},"line":209},"23":{"name":"findModuleDependenciesWithStructure","decl":{"start":{"line":242,"column":9},"end":{"line":242,"column":44}},"loc":{"start":{"line":242,"column":75},"end":{"line":308,"column":1}},"line":242},"24":{"name":"(anonymous_24)","decl":{"start":{"line":245,"column":4},"end":{"line":245,"column":5}},"loc":{"start":{"line":245,"column":12},"end":{"line":245,"column":76}},"line":245},"25":{"name":"(anonymous_25)","decl":{"start":{"line":291,"column":45},"end":{"line":291,"column":46}},"loc":{"start":{"line":291,"column":57},"end":{"line":291,"column":84}},"line":291},"26":{"name":"formatReportFlattenedWithTree","decl":{"start":{"line":311,"column":9},"end":{"line":311,"column":38}},"loc":{"start":{"line":311,"column":59},"end":{"line":357,"column":1}},"line":311},"27":{"name":"(anonymous_27)","decl":{"start":{"line":312,"column":14},"end":{"line":312,"column":15}},"loc":{"start":{"line":312,"column":24},"end":{"line":312,"column":75}},"line":312},"28":{"name":"(anonymous_28)","decl":{"start":{"line":317,"column":61},"end":{"line":317,"column":62}},"loc":{"start":{"line":317,"column":76},"end":{"line":317,"column":106}},"line":317}},"branchMap":{"0":{"loc":{"start":{"line":18,"column":2},"end":{"line":24,"column":3}},"type":"if","locations":[{"start":{"line":18,"column":2},"end":{"line":24,"column":3}},{"start":{},"end":{}}],"line":18},"1":{"loc":{"start":{"line":42,"column":4},"end":{"line":42,"column":21}},"type":"if","locations":[{"start":{"line":42,"column":4},"end":{"line":42,"column":21}},{"start":{},"end":{}}],"line":42},"2":{"loc":{"start":{"line":49,"column":41},"end":{"line":49,"column":46}},"type":"binary-expr","locations":[{"start":{"line":49,"column":41},"end":{"line":49,"column":42}},{"start":{"line":49,"column":44},"end":{"line":49,"column":46}}],"line":49},"3":{"loc":{"start":{"line":59,"column":4},"end":{"line":59,"column":65}},"type":"if","locations":[{"start":{"line":59,"column":4},"end":{"line":59,"column":65}},{"start":{},"end":{}}],"line":59},"4":{"loc":{"start":{"line":59,"column":8},"end":{"line":59,"column":54}},"type":"binary-expr","locations":[{"start":{"line":59,"column":8},"end":{"line":59,"column":29}},{"start":{"line":59,"column":33},"end":{"line":59,"column":54}}],"line":59},"5":{"loc":{"start":{"line":63,"column":4},"end":{"line":63,"column":41}},"type":"if","locations":[{"start":{"line":63,"column":4},"end":{"line":63,"column":41}},{"start":{},"end":{}}],"line":63},"6":{"loc":{"start":{"line":63,"column":8},"end":{"line":63,"column":30}},"type":"binary-expr","locations":[{"start":{"line":63,"column":8},"end":{"line":63,"column":15}},{"start":{"line":63,"column":19},"end":{"line":63,"column":30}}],"line":63},"7":{"loc":{"start":{"line":66,"column":4},"end":{"line":66,"column":53}},"type":"if","locations":[{"start":{"line":66,"column":4},"end":{"line":66,"column":53}},{"start":{},"end":{}}],"line":66},"8":{"loc":{"start":{"line":74,"column":4},"end":{"line":84,"column":5}},"type":"if","locations":[{"start":{"line":74,"column":4},"end":{"line":84,"column":5}},{"start":{"line":79,"column":11},"end":{"line":84,"column":5}}],"line":74},"9":{"loc":{"start":{"line":76,"column":6},"end":{"line":78,"column":7}},"type":"if","locations":[{"start":{"line":76,"column":6},"end":{"line":78,"column":7}},{"start":{},"end":{}}],"line":76},"10":{"loc":{"start":{"line":76,"column":10},"end":{"line":76,"column":37}},"type":"binary-expr","locations":[{"start":{"line":76,"column":10},"end":{"line":76,"column":27}},{"start":{"line":76,"column":31},"end":{"line":76,"column":37}}],"line":76},"11":{"loc":{"start":{"line":81,"column":6},"end":{"line":83,"column":7}},"type":"if","locations":[{"start":{"line":81,"column":6},"end":{"line":83,"column":7}},{"start":{},"end":{}}],"line":81},"12":{"loc":{"start":{"line":81,"column":10},"end":{"line":81,"column":35}},"type":"binary-expr","locations":[{"start":{"line":81,"column":10},"end":{"line":81,"column":25}},{"start":{"line":81,"column":29},"end":{"line":81,"column":35}}],"line":81},"13":{"loc":{"start":{"line":98,"column":4},"end":{"line":113,"column":5}},"type":"if","locations":[{"start":{"line":98,"column":4},"end":{"line":113,"column":5}},{"start":{},"end":{}}],"line":98},"14":{"loc":{"start":{"line":98,"column":8},"end":{"line":98,"column":60}},"type":"binary-expr","locations":[{"start":{"line":98,"column":8},"end":{"line":98,"column":31}},{"start":{"line":98,"column":35},"end":{"line":98,"column":60}}],"line":98},"15":{"loc":{"start":{"line":100,"column":6},"end":{"line":112,"column":7}},"type":"if","locations":[{"start":{"line":100,"column":6},"end":{"line":112,"column":7}},{"start":{"line":110,"column":13},"end":{"line":112,"column":7}}],"line":100},"16":{"loc":{"start":{"line":102,"column":8},"end":{"line":109,"column":9}},"type":"if","locations":[{"start":{"line":102,"column":8},"end":{"line":109,"column":9}},{"start":{},"end":{}}],"line":102},"17":{"loc":{"start":{"line":118,"column":4},"end":{"line":133,"column":5}},"type":"if","locations":[{"start":{"line":118,"column":4},"end":{"line":133,"column":5}},{"start":{},"end":{}}],"line":118},"18":{"loc":{"start":{"line":118,"column":8},"end":{"line":118,"column":62}},"type":"binary-expr","locations":[{"start":{"line":118,"column":8},"end":{"line":118,"column":33}},{"start":{"line":118,"column":37},"end":{"line":118,"column":62}}],"line":118},"19":{"loc":{"start":{"line":120,"column":6},"end":{"line":132,"column":7}},"type":"if","locations":[{"start":{"line":120,"column":6},"end":{"line":132,"column":7}},{"start":{"line":130,"column":13},"end":{"line":132,"column":7}}],"line":120},"20":{"loc":{"start":{"line":122,"column":8},"end":{"line":129,"column":9}},"type":"if","locations":[{"start":{"line":122,"column":8},"end":{"line":129,"column":9}},{"start":{},"end":{}}],"line":122},"21":{"loc":{"start":{"line":143,"column":2},"end":{"line":143,"column":25}},"type":"if","locations":[{"start":{"line":143,"column":2},"end":{"line":143,"column":25}},{"start":{},"end":{}}],"line":143},"22":{"loc":{"start":{"line":152,"column":2},"end":{"line":154,"column":3}},"type":"if","locations":[{"start":{"line":152,"column":2},"end":{"line":154,"column":3}},{"start":{},"end":{}}],"line":152},"23":{"loc":{"start":{"line":152,"column":6},"end":{"line":152,"column":91}},"type":"binary-expr","locations":[{"start":{"line":152,"column":6},"end":{"line":152,"column":15}},{"start":{"line":152,"column":19},"end":{"line":152,"column":49}},{"start":{"line":152,"column":53},"end":{"line":152,"column":91}}],"line":152},"24":{"loc":{"start":{"line":157,"column":2},"end":{"line":159,"column":3}},"type":"if","locations":[{"start":{"line":157,"column":2},"end":{"line":159,"column":3}},{"start":{},"end":{}}],"line":157},"25":{"loc":{"start":{"line":165,"column":2},"end":{"line":165,"column":22}},"type":"if","locations":[{"start":{"line":165,"column":2},"end":{"line":165,"column":22}},{"start":{},"end":{}}],"line":165},"26":{"loc":{"start":{"line":173,"column":19},"end":{"line":173,"column":42}},"type":"binary-expr","locations":[{"start":{"line":173,"column":19},"end":{"line":173,"column":27}},{"start":{"line":173,"column":31},"end":{"line":173,"column":42}}],"line":173},"27":{"loc":{"start":{"line":174,"column":2},"end":{"line":174,"column":50}},"type":"if","locations":[{"start":{"line":174,"column":2},"end":{"line":174,"column":50}},{"start":{},"end":{}}],"line":174},"28":{"loc":{"start":{"line":174,"column":6},"end":{"line":174,"column":36}},"type":"binary-expr","locations":[{"start":{"line":174,"column":6},"end":{"line":174,"column":15}},{"start":{"line":174,"column":19},"end":{"line":174,"column":36}}],"line":174},"29":{"loc":{"start":{"line":190,"column":4},"end":{"line":190,"column":63}},"type":"if","locations":[{"start":{"line":190,"column":4},"end":{"line":190,"column":63}},{"start":{},"end":{}}],"line":190},"30":{"loc":{"start":{"line":193,"column":4},"end":{"line":193,"column":66}},"type":"if","locations":[{"start":{"line":193,"column":4},"end":{"line":193,"column":66}},{"start":{},"end":{}}],"line":193},"31":{"loc":{"start":{"line":196,"column":4},"end":{"line":198,"column":5}},"type":"if","locations":[{"start":{"line":196,"column":4},"end":{"line":198,"column":5}},{"start":{},"end":{}}],"line":196},"32":{"loc":{"start":{"line":196,"column":8},"end":{"line":196,"column":45}},"type":"binary-expr","locations":[{"start":{"line":196,"column":8},"end":{"line":196,"column":19}},{"start":{"line":196,"column":23},"end":{"line":196,"column":45}}],"line":196},"33":{"loc":{"start":{"line":214,"column":2},"end":{"line":219,"column":3}},"type":"if","locations":[{"start":{"line":214,"column":2},"end":{"line":219,"column":3}},{"start":{"line":216,"column":9},"end":{"line":219,"column":3}}],"line":214},"34":{"loc":{"start":{"line":222,"column":2},"end":{"line":227,"column":3}},"type":"if","locations":[{"start":{"line":222,"column":2},"end":{"line":227,"column":3}},{"start":{"line":224,"column":9},"end":{"line":227,"column":3}}],"line":222},"35":{"loc":{"start":{"line":230,"column":2},"end":{"line":236,"column":3}},"type":"if","locations":[{"start":{"line":230,"column":2},"end":{"line":236,"column":3}},{"start":{"line":232,"column":9},"end":{"line":236,"column":3}}],"line":230},"36":{"loc":{"start":{"line":245,"column":12},"end":{"line":245,"column":76}},"type":"binary-expr","locations":[{"start":{"line":245,"column":12},"end":{"line":245,"column":40}},{"start":{"line":245,"column":44},"end":{"line":245,"column":76}}],"line":245},"37":{"loc":{"start":{"line":247,"column":2},"end":{"line":247,"column":53}},"type":"if","locations":[{"start":{"line":247,"column":2},"end":{"line":247,"column":53}},{"start":{},"end":{}}],"line":247},"38":{"loc":{"start":{"line":258,"column":6},"end":{"line":268,"column":7}},"type":"if","locations":[{"start":{"line":258,"column":6},"end":{"line":268,"column":7}},{"start":{},"end":{}}],"line":258},"39":{"loc":{"start":{"line":262,"column":8},"end":{"line":266,"column":9}},"type":"if","locations":[{"start":{"line":262,"column":8},"end":{"line":266,"column":9}},{"start":{"line":264,"column":15},"end":{"line":266,"column":9}}],"line":262},"40":{"loc":{"start":{"line":270,"column":4},"end":{"line":270,"column":41}},"type":"if","locations":[{"start":{"line":270,"column":4},"end":{"line":270,"column":41}},{"start":{},"end":{}}],"line":270},"41":{"loc":{"start":{"line":279,"column":6},"end":{"line":279,"column":27}},"type":"if","locations":[{"start":{"line":279,"column":6},"end":{"line":279,"column":27}},{"start":{},"end":{}}],"line":279},"42":{"loc":{"start":{"line":282,"column":6},"end":{"line":282,"column":45}},"type":"if","locations":[{"start":{"line":282,"column":6},"end":{"line":282,"column":45}},{"start":{},"end":{}}],"line":282},"43":{"loc":{"start":{"line":285,"column":6},"end":{"line":285,"column":81}},"type":"if","locations":[{"start":{"line":285,"column":6},"end":{"line":285,"colu
[...]
ne":128,"column":63}},"type":"binary-expr","locations":[{"start":{"line":128,"column":9},"end":{"line":128,"column":34}},{"start":{"line":128,"column":38},"end":{"line":128,"column":63}}],"line":128},"18":{"loc":{"start":{"line":131,"column":4},"end":{"line":154,"column":5}},"type":"if","locations":[{"start":{"line":131,"column":4},"end":{"line":154,"column":5}},{"start":{"line":148,"column":11},"end":{"line":154,"column":5}}],"line":131},"19":{"loc":{"start":{"line":132,"column":6},"end":{"line":146,"column":7}},"type":"if","locations":[{"start":{"line":132,"column":6},"end":{"line":146,"column":7}},{"start":{"line":137,"column":11},"end":{"line":146,"column":7}}],"line":132},"20":{"loc":{"start":{"line":133,"column":21},"end":{"line":133,"column":91}},"type":"binary-expr","locations":[{"start":{"line":133,"column":22},"end":{"line":133,"column":53}},{"start":{"line":133,"column":59},"end":{"line":133,"column":90}}],"line":133},"21":{"loc":{"start":{"line":142,"column":8},"end":{"line":142,"column":94}},"type":"if","locations":[{"start":{"line":142,"column":8},"end":{"line":142,"column":94}},{"start":{},"end":{}}],"line":142},"22":{"loc":{"start":{"line":145,"column":8},"end":{"line":145,"column":94}},"type":"if","locations":[{"start":{"line":145,"column":8},"end":{"line":145,"column":94}},{"start":{},"end":{}}],"line":145},"23":{"loc":{"start":{"line":148,"column":11},"end":{"line":154,"column":5}},"type":"if","locations":[{"start":{"line":148,"column":11},"end":{"line":154,"column":5}},{"start":{"line":151,"column":11},"end":{"line":154,"column":5}}],"line":148}},"s":{"0":0,"1":0,"2":0,"3":0,"4":0,"5":0,"6":0,"7":0,"8":0,"9":0,"10":0,"11":0,"12":0,"13":0,"14":0,"15":0,"16":0,"17":0,"18":0,"19":0,"20":0,"21":0,"22":0,"23":0,"24":0,"25":0,"26":0,"27":0,"28":0,"29":0,"30":0,"31":0,"32":0,"33":0,"34":0,"35":0,"36":0,"37":0,"38":0,"39":0,"40":0,"41":0,"42":0,"43":0,"44":0,"45":0,"46":0,"47":0,"48":0,"49":0,"50":0,"51":0,"52":0,"53":0,"54":0,"55":0,"56":0,"57":0,"58":0,"59":0,"60":0,"61":0,"62":0,"63":0,"64":0,"65":0,"66":0,"67":0,"68":0,"69":0,"70":0,"71":0,"72":0,"73":0,"74":0,"75":0,"76":0,"77":0,"78":0,"79":0,"80":0,"81":0,"82":0,"83":0,"84":0,"85":0,"86":0,"87":0,"88":0,"89":0,"90":0,"91":0,"92":0,"93":0,"94":0,"95":0,"96":0,"97":0,"98":0,"99":0,"100":0,"101":0,"102":0,"103":0,"104":0,"105":0,"106":0,"107":0,"108":0,"109":0,"110":0,"111":0,"112":0,"113":0,"114":0,"115":0,"116":0,"117":0,"118":0,"119":0,"120":0,"121":0,"122":0,"123":0},"f":{"0":0,"1":0,"2":0,"3":0,"4":0,"5":0,"6":0,"7":0,"8":0,"9":0,"10":0,"11":0,"12":0,"13":0,"14":0},"b":{"0":[0,0],"1":[0,0],"2":[0,0],"3":[0,0],"4":[0,0],"5":[0,0],"6":[0,0],"7":[0,0],"8":[0,0],"9":[0,0],"10":[0,0],"11":[0,0],"12":[0,0],"13":[0,0],"14":[0,0],"15":[0,0],"16":[0,0],"17":[0,0],"18":[0,0],"19":[0,0],"20":[0,0],"21":[0,0],"22":[0,0],"23":[0,0]}}
,"/Users/dongh/Documents/android-util/Android-Dependecy-Tree-Diff-Viewer/js/dependency-only-diff.js": {"path":"/Users/dongh/Documents/android-util/Android-Dependecy-Tree-Diff-Viewer/js/dependency-only-diff.js","statementMap":{"0":{"start":{"line":15,"column":19},"end":{"line":15,"column":61}},"1":{"start":{"line":18,"column":2},"end":{"line":22,"column":12}},"2":{"start":{"line":20,"column":20},"end":{"line":20,"column":41}},"3":{"start":{"line":26,"column":27},"end":{"line":26,"column":83}},"4":{"start":{"line":27,"column":2},"end":{"line":27,"column":44}},"5":{"start":{"line":30,"column":0},"end":{"line":30,"column":47}},"6":{"start":{"line":31,"column":0},"end":{"line":31,"column":37}}},"fnMap":{"0":{"name":"dependencyOnlyDiff","decl":{"start":{"line":13,"column":9},"end":{"line":13,"column":27}},"loc":{"start":{"line":13,"column":44},"end":{"line":23,"column":1}},"line":13},"1":{"name":"(anonymous_1)","decl":{"start":{"line":20,"column":12},"end":{"line":20,"column":13}},"loc":{"start":{"line":20,"column":20},"end":{"line":20,"column":41}},"line":20},"2":{"name":"diffFilesOnly","decl":{"start":{"line":25,"column":15},"end":{"line":25,"column":28}},"loc":{"start":{"line":25,"column":52},"end":{"line":28,"column":1}},"line":25}},"branchMap":{},"s":{"0":0,"1":0,"2":0,"3":0,"4":0,"5":0,"6":0},"f":{"0":0,"1":0,"2":0},"b":{}}
,"/Users/dongh/Documents/android-util/Android-Dependecy-Tree-Diff-Viewer/js/result-capture.js": {"path":"/Users/dongh/Documents/android-util/Android-Dependecy-Tree-Diff-Viewer/js/result-capture.js","statementMap":{"0":{"start":{"line":3,"column":29},"end":{"line":3,"column":70}},"1":{"start":{"line":7,"column":12},"end":{"line":7,"column":39}},"2":{"start":{"line":8,"column":2},"end":{"line":8,"column":19}},"3":{"start":{"line":9,"column":2},"end":{"line":9,"column":24}},"4":{"start":{"line":10,"column":2},"end":{"line":10,"column":31}},"5":{"start":{"line":11,"column":2},"end":{"line":11,"column":12}},"6":{"start":{"line":12,"column":2},"end":{"line":12,"column":13}},"7":{"start":{"line":17,"column":2},"end":{"line":17,"column":43}},"8":{"start":{"line":18,"column":2},"end":{"line":20,"column":3}},"9":{"start":{"line":19,"column":4},"end":{"line":19,"column":46}},"10":{"start":{"line":23,"column":27},"end":{"line":23,"column":56}},"11":{"start":{"line":24,"column":2},"end":{"line":28,"column":4}},"12":{"start":{"line":31,"column":21},"end":{"line":31,"column":50}},"13":{"start":{"line":32,"column":14},"end":{"line":32,"column":24}},"14":{"start":{"line":33,"column":21},"end":{"line":38,"column":4}},"15":{"start":{"line":39,"column":21},"end":{"line":43,"column":4}},"16":{"start":{"line":45,"column":2},"end":{"line":50,"column":4}},"17":{"start":{"line":53,"column":21},"end":{"line":53,"column":39}},"18":{"start":{"line":55,"column":2},"end":{"line":55,"column":43}},"19":{"start":{"line":56,"column":2},"end":{"line":56,"column":43}},"20":{"start":{"line":59,"column":2},"end":{"line":59,"column":47}},"21":{"start":{"line":60,"column":2},"end":{"line":60,"column":42}},"22":{"start":{"line":61,"column":2},"end":{"line":61,"column":46}},"23":{"start":{"line":63,"column":17},"end":{"line":68,"column":4}},"24":{"start":{"line":71,"column":2},"end":{"line":71,"column":46}},"25":{"start":{"line":73,"column":2},"end":{"line":73,"column":39}},"26":{"start":{"line":77,"column":2},"end":{"line":77,"column":43}},"27":{"start":{"line":78,"column":18},"end":{"line":87,"column":4}},"28":{"start":{"line":88,"column":2},"end":{"line":88,"column":17}}},"fnMap":{"0":{"name":"downloadDataUrl","decl":{"start":{"line":6,"column":9},"end":{"line":6,"column":24}},"loc":{"start":{"line":6,"column":44},"end":{"line":13,"column":1}},"line":6},"1":{"name":"captureWithHtml2Canvas","decl":{"start":{"line":15,"column":15},"end":{"line":15,"column":37}},"loc":{"start":{"line":15,"column":42},"end":{"line":74,"column":1}},"line":15},"2":{"name":"captureWithDomToImage","decl":{"start":{"line":76,"column":15},"end":{"line":76,"column":36}},"loc":{"start":{"line":76,"column":41},"end":{"line":89,"column":1}},"line":76}},"branchMap":{"0":{"loc":{"start":{"line":18,"column":2},"end":{"line":20,"column":3}},"type":"if","locations":[{"start":{"line":18,"column":2},"end":{"line":20,"column":3}},{"start":{},"end":{}}],"line":18},"1":{"loc":{"start":{"line":65,"column":11},"end":{"line":65,"column":46}},"type":"cond-expr","locations":[{"start":{"line":65,"column":41},"end":{"line":65,"column":42}},{"start":{"line":65,"column":45},"end":{"line":65,"column":46}}],"line":65},"2":{"loc":{"start":{"line":79,"column":13},"end":{"line":79,"column":94}},"type":"cond-expr","locations":[{"start":{"line":79,"column":73},"end":{"line":79,"column":82}},{"start":{"line":79,"column":85},"end":{"line":79,"column":94}}],"line":79}},"s":{"0":0,"1":0,"2":0,"3":0,"4":0,"5":0,"6":0,"7":0,"8":0,"9":0,"10":0,"11":0,"12":0,"13":0,"14":0,"15":0,"16":0,"17":0,"18":0,"19":0,"20":0,"21":0,"22":0,"23":0,"24":0,"25":0,"26":0,"27":0,"28":0},"f":{"0":0,"1":0,"2":0},"b":{"0":[0,0],"1":[0,0],"2":[0,0]}}
,"/Users/dongh/Documents/android-util/Android-Dependecy-Tree-Diff-Viewer/js/result-markdown.js": {"path":"/Users/dongh/Documents/android-util/Android-Dependecy-Tree-Diff-Viewer/js/result-markdown.js","statementMap":{"0":{"start":{"line":2,"column":0},"end":{"line":122,"column":5}},"1":{"start":{"line":3,"column":16},"end":{"line":3,"column":58}},"2":{"start":{"line":4,"column":4},"end":{"line":4,"column":21}},"3":{"start":{"line":4,"column":14},"end":{"line":4,"column":21}},"4":{"start":{"line":6,"column":22},"end":{"line":6,"column":57}},"5":{"start":{"line":7,"column":22},"end":{"line":7,"column":57}},"6":{"start":{"line":10,"column":18},"end":{"line":10,"column":28}},"7":{"start":{"line":11,"column":20},"end":{"line":11,"column":51}},"8":{"start":{"line":11,"column":25},"end":{"line":11,"column":51}},"9":{"start":{"line":12,"column":8},"end":{"line":19,"column":10}},"10":{"start":{"line":23,"column":8},"end":{"line":23,"column":63}},"11":{"start":{"line":27,"column":27},"end":{"line":27,"column":75}},"12":{"start":{"line":28,"column":26},"end":{"line":28,"column":73}},"13":{"start":{"line":29,"column":26},"end":{"line":29,"column":50}},"14":{"start":{"line":32,"column":12},"end":{"line":37,"column":1}},"15":{"start":{"line":39,"column":21},"end":{"line":39,"column":60}},"16":{"start":{"line":40,"column":8},"end":{"line":40,"column":60}},"17":{"start":{"line":44,"column":21},"end":{"line":44,"column":81}},"18":{"start":{"line":45,"column":20},"end":{"line":45,"column":45}},"19":{"start":{"line":46,"column":18},"end":{"line":46,"column":45}},"20":{"start":{"line":47,"column":8},"end":{"line":47,"column":33}},"21":{"start":{"line":48,"column":8},"end":{"line":48,"column":21}},"22":{"start":{"line":49,"column":8},"end":{"line":49,"column":30}},"23":{"start":{"line":50,"column":8},"end":{"line":50,"column":37}},"24":{"start":{"line":51,"column":8},"end":{"line":51,"column":18}},"25":{"start":{"line":52,"column":8},"end":{"line":52,"column":33}},"26":{"start":{"line":53,"column":8},"end":{"line":53,"column":37}},"27":{"start":{"line":57,"column":20},"end":{"line":57,"column":35}},"28":{"start":{"line":58,"column":8},"end":{"line":58,"column":31}},"29":{"start":{"line":59,"column":8},"end":{"line":59,"column":54}},"30":{"start":{"line":59,"column":26},"end":{"line":59,"column":47}},"31":{"start":{"line":62,"column":4},"end":{"line":121,"column":7}},"32":{"start":{"line":64,"column":24},"end":{"line":64,"column":61}},"33":{"start":{"line":65,"column":24},"end":{"line":65,"column":62}},"34":{"start":{"line":66,"column":32},"end":{"line":66,"column":51}},"35":{"start":{"line":68,"column":8},"end":{"line":68,"column":47}},"36":{"start":{"line":69,"column":8},"end":{"line":69,"column":28}},"37":{"start":{"line":70,"column":8},"end":{"line":70,"column":40}},"38":{"start":{"line":73,"column":8},"end":{"line":120,"column":15}},"39":{"start":{"line":74,"column":12},"end":{"line":119,"column":13}},"40":{"start":{"line":76,"column":34},"end":{"line":76,"column":79}},"41":{"start":{"line":77,"column":31},"end":{"line":77,"column":81}},"42":{"start":{"line":79,"column":16},"end":{"line":87,"column":17}},"43":{"start":{"line":81,"column":20},"end":{"line":81,"column":51}},"44":{"start":{"line":82,"column":20},"end":{"line":82,"column":41}},"45":{"start":{"line":83,"column":20},"end":{"line":83,"column":58}},"46":{"start":{"line":85,"column":20},"end":{"line":85,"column":49}},"47":{"start":{"line":86,"column":20},"end":{"line":86,"column":27}},"48":{"start":{"line":89,"column":28},"end":{"line":89,"column":52}},"49":{"start":{"line":90,"column":16},"end":{"line":98,"column":17}},"50":{"start":{"line":92,"column":20},"end":{"line":92,"column":51}},"51":{"start":{"line":93,"column":20},"end":{"line":93,"column":41}},"52":{"start":{"line":94,"column":20},"end":{"line":94,"column":58}},"53":{"start":{"line":96,"column":20},"end":{"line":96,"column":42}},"54":{"start":{"line":97,"column":20},"end":{"line":97,"column":27}},"55":{"start":{"line":100,"column":27},"end":{"line":100,"column":45}},"56":{"start":{"line":101,"column":30},"end":{"line":101,"column":64}},"57":{"start":{"line":102,"column":16},"end":{"line":102,"column":36}},"58":{"start":{"line":105,"column":16},"end":{"line":105,"column":47}},"59":{"start":{"line":106,"column":16},"end":{"line":106,"column":37}},"60":{"start":{"line":107,"column":16},"end":{"line":107,"column":54}},"61":{"start":{"line":109,"column":16},"end":{"line":109,"column":39}},"62":{"start":{"line":111,"column":16},"end":{"line":111,"column":33}},"63":{"start":{"line":114,"column":16},"end":{"line":114,"column":47}},"64":{"start":{"line":115,"column":16},"end":{"line":115,"column":37}},"65":{"start":{"line":116,"column":16},"end":{"line":116,"column":54}},"66":{"start":{"line":118,"column":16},"end":{"line":118,"column":38}}},"fnMap":{"0":{"name":"(anonymous_0)","decl":{"start":{"line":2,"column":1},"end":{"line":2,"column":2}},"loc":{"start":{"line":2,"column":13},"end":{"line":122,"column":1}},"line":2},"1":{"name":"nowStamp","decl":{"start":{"line":9,"column":13},"end":{"line":9,"column":21}},"loc":{"start":{"line":9,"column":24},"end":{"line":20,"column":5}},"line":9},"2":{"name":"(anonymous_2)","decl":{"start":{"line":11,"column":20},"end":{"line":11,"column":21}},"loc":{"start":{"line":11,"column":25},"end":{"line":11,"column":51}},"line":11},"3":{"name":"sanitize","decl":{"start":{"line":22,"column":13},"end":{"line":22,"column":21}},"loc":{"start":{"line":22,"column":25},"end":{"line":24,"column":5}},"line":22},"4":{"name":"buildMarkdown","decl":{"start":{"line":26,"column":13},"end":{"line":26,"column":26}},"loc":{"start":{"line":26,"column":37},"end":{"line":41,"column":5}},"line":26},"5":{"name":"download","decl":{"start":{"line":43,"column":13},"end":{"line":43,"column":21}},"loc":{"start":{"line":43,"column":41},"end":{"line":54,"column":5}},"line":43},"6":{"name":"flash","decl":{"start":{"line":56,"column":13},"end":{"line":56,"column":18}},"loc":{"start":{"line":56,"column":41},"end":{"line":60,"column":5}},"line":56},"7":{"name":"(anonymous_7)","decl":{"start":{"line":59,"column":19},"end":{"line":59,"column":20}},"loc":{"start":{"line":59,"column":26},"end":{"line":59,"column":47}},"line":59},"8":{"name":"(anonymous_8)","decl":{"start":{"line":62,"column":34},"end":{"line":62,"column":35}},"loc":{"start":{"line":62,"column":40},"end":{"line":121,"column":5}},"line":62},"9":{"name":"(anonymous_9)","decl":{"start":{"line":73,"column":19},"end":{"line":73,"column":20}},"loc":{"start":{"line":73,"column":25},"end":{"line":120,"column":9}},"line":73}},"branchMap":{"0":{"loc":{"start":{"line":4,"column":4},"end":{"line":4,"column":21}},"type":"if","locations":[{"start":{"line":4,"column":4},"end":{"line":4,"column":21}},{"start":{},"end":{}}],"line":4},"1":{"loc":{"start":{"line":23,"column":16},"end":{"line":23,"column":23}},"type":"binary-expr","locations":[{"start":{"line":23,"column":16},"end":{"line":23,"column":17}},{"start":{"line":23,"column":21},"end":{"line":23,"column":23}}],"line":23},"2":{"loc":{"start":{"line":27,"column":36},"end":{"line":27,"column":74}},"type":"binary-expr","locations":[{"start":{"line":27,"column":36},"end":{"line":27,"column":58}},{"start":{"line":27,"column":62},"end":{"line":27,"column":74}}],"line":27},"3":{"loc":{"start":{"line":28,"column":35},"end":{"line":28,"column":72}},"type":"binary-expr","locations":[{"start":{"line":28,"column":35},"end":{"line":28,"column":57}},{"start":{"line":28,"column":61},"end":{"line":28,"column":72}}],"line":28},"4":{"loc":{"start":{"line":39,"column":22},"end":{"line":39,"column":36}},"type":"binary-expr","locations":[{"start":{"line":39,"column":22},"end":{"line":39,"column":30}},{"start":{"line":39,"column":34},"end":{"line":39,"column":36}}],"line":39},"5":{"loc":{"start":{"line":56,"column":30},"end":{"line":56,"column":39}},"type":"default-arg","locations":[{"start":{"line":56,"column":35},"end":{"line":56,"column":39}}],"line":56},"6":{"loc":{"start":{"line":77,"column":31},"end":{"line":77,"column":81}},"type":"cond-expr","locations":[{"start":{"line":77,"column":43},"end":{"line":77,"column":74}},{"start":{"line":77,"column":77},"end":{"line":77,"column":81}}],"line":77},"7":{"loc":{"start":{"line":79,"column":16},"end":{"line":87,"column":17}},"type":"if","locations":[{"start":{"line":79,"column":16},"end":{"line":87,"column":17}},{"start":{},"end":{}}],"line":79},"8":{"loc":{"start":{"line":89,"column":28},"end":{"line":89,"column":52}},"type":"binary-expr","locations":[{"start":{"line":89,"column":28},"end":{"line":89,"column":46}},{"start":{"line":89,"column":50},"end":{"line":89,"column":52}}],"line":89},"9":{"loc":{"start":{"line":90,"column":16},"end":{"line":98,"column":17}},"type":"if","locations":[{"start":{"line":90,"column":16},"end":{"line":98,"column":17}},{"start":{},"end":{}}],"line":90}},"s":{"0":0,"1":0,"2":0,"3":0,"4":0,"5":0,"6":0,"7":0,"8":0,"9":0,"10":0,"11":0,"12":0,"13":0,"14":0,"15":0,"16":0,"17":0,"18":0,"19":0,"20":0,"21":0,"22":0,"23":0,"24":0,"25":0,"26":0,"27":0,"28":0,"29":0,"30":0,"31":0,"32":0,"33":0,"34":0,"35":0,"36":0,"37":0,"38":0,"39":0,"40":0,"41":0,"42":0,"43":0,"44":0,"45":0,"46":0,"47":0,"48":0,"49":0,"50":0,"51":0,"52":0,"53":0,"54":0,"55":0,"56":0,"57":0,"58":0,"59":0,"60":0,"61":0,"62":0,"63":0,"64":0,"65":0,"66":0},"f":{"0":0,"1":0,"2":0,"3":0,"4":0,"5":0,"6":0,"7":0,"8":0,"9":0},"b":{"0":[0,0],"1":[0,0],"2":[0,0],"3":[0,0],"4":[0,0],"5":[0],"6":[0,0],"7":[0,0],"8":[0,0],"9":[0,0]}}
,"/Users/dongh/Documents/android-util/Android-Dependecy-Tree-Diff-Viewer/js/visitor-counter.js": {"path":"/Users/dongh/Documents/android-util/Android-Dependecy-Tree-Diff-Viewer/js/visitor-counter.js","statementMap":{"0":{"start":{"line":1,"column":0},"end":{"line":23,"column":5}},"1":{"start":{"line":2,"column":22},"end":{"line":2,"column":54}},"2":{"start":{"line":3,"column":22},"end":{"line":3,"column":62}},"3":{"start":{"line":4,"column":20},"end":{"line":4,"column":58}},"4":{"start":{"line":6,"column":23},"end":{"line":8,"column":73}},"5":{"start":{"line":7,"column":8},"end":{"line":8,"column":73}},"6":{"start":{"line":11,"column":20},"end":{"line":11,"column":93}},"7":{"start":{"line":12,"column":8},"end":{"line":12,"column":59}},"8":{"start":{"line":12,"column":21},"end":{"line":12,"column":59}},"9":{"start":{"line":13,"column":8},"end":{"line":13,"column":44}},"10":{"start":{"line":16,"column":4},"end":{"line":22,"column":5}},"11":{"start":{"line":17,"column":22},"end":{"line":17,"column":38}},"12":{"start":{"line":18,"column":8},"end":{"line":18,"column":53}},"13":{"start":{"line":20,"column":8},"end":{"line":20,"column":49}},"14":{"start":{"line":21,"column":8},"end":{"line":21,"column":38}}},"fnMap":{"0":{"name":"(anonymous_0)","decl":{"start":{"line":1,"column":1},"end":{"line":1,"column":2}},"loc":{"start":{"line":1,"column":13},"end":{"line":23,"column":1}},"line":1},"1":{"name":"(anonymous_1)","decl":{"start":{"line":6,"column":23},"end":{"line":6,"column":24}},"loc":{"start":{"line":7,"column":8},"end":{"line":8,"column":73}},"line":7},"2":{"name":"getTotal","decl":{"start":{"line":10,"column":19},"end":{"line":10,"column":27}},"loc":{"start":{"line":10,"column":30},"end":{"line":14,"column":5}},"line":10}},"branchMap":{"0":{"loc":{"start":{"line":7,"column":8},"end":{"line":8,"column":73}},"type":"cond-expr","locations":[{"start":{"line":7,"column":41},"end":{"line":7,"column":48}},{"start":{"line":8,"column":12},"end":{"line":8,"column":73}}],"line":7},"1":{"loc":{"start":{"line":8,"column":12},"end":{"line":8,"column":73}},"type":"cond-expr","locations":[{"start":{"line":8,"column":54},"end":{"line":8,"column":69}},{"start":{"line":8,"column":72},"end":{"line":8,"column":73}}],"line":8},"2":{"loc":{"start":{"line":12,"column":8},"end":{"line":12,"column":59}},"type":"if","locations":[{"start":{"line":12,"column":8},"end":{"line":12,"column":59}},{"start":{},"end":{}}],"line":12}},"s":{"0":0,"1":0,"2":0,"3":0,"4":0,"5":0,"6":0,"7":0,"8":0,"9":0,"10":0,"11":0,"12":0,"13":0,"14":0},"f":{"0":0,"1":0,"2":0},"b":{"0":[0,0],"1":[0,0],"2":[0,0]}}
}
