TN:
SF:js/app.js
FN:40,byteSize
FN:44,countLines
FN:51,countDependencySectionLines
FN:68,shouldWarn
FN:75,updateNotice
FN:80,setError
FN:86,enableCompare
FN:87,restoreDropVisual
FN:90,isTxtFile
FN:97,readTxt
FN:100,(anonymous_10)
FN:101,(anonymous_11)
FN:105,wireDropArea
FN:106,(anonymous_13)
FN:109,(anonymous_14)
FN:119,(anonymous_15)
FN:130,(anonymous_16)
FN:136,(anonymous_17)
FN:137,(anonymous_18)
FN:150,(anonymous_19)
FN:162,(anonymous_20)
FN:163,(anonymous_21)
FN:166,(anonymous_22)
FN:178,(anonymous_23)
FN:203,(anonymous_24)
FN:210,(anonymous_25)
FN:214,(anonymous_26)
FN:232,(anonymous_27)
FN:247,downloadDataUrl
FN:256,captureWithHtml2Canvas
FN:316,captureWithDomToImage
FN:377,(anonymous_31)
FN:390,(anonymous_32)
FN:437,(anonymous_33)
FN:502,(anonymous_34)
FN:583,(anonymous_35)
FN:613,(anonymous_36)
FN:651,(anonymous_37)
FN:652,(anonymous_38)
FN:656,(anonymous_39)
FN:658,(anonymous_40)
FNF:41
FNH:0
FNDA:0,byteSize
FNDA:0,countLines
FNDA:0,countDependencySectionLines
FNDA:0,shouldWarn
FNDA:0,updateNotice
FNDA:0,setError
FNDA:0,enableCompare
FNDA:0,restoreDropVisual
FNDA:0,isTxtFile
FNDA:0,readTxt
FNDA:0,(anonymous_10)
FNDA:0,(anonymous_11)
FNDA:0,wireDropArea
FNDA:0,(anonymous_13)
FNDA:0,(anonymous_14)
FNDA:0,(anonymous_15)
FNDA:0,(anonymous_16)
FNDA:0,(anonymous_17)
FNDA:0,(anonymous_18)
FNDA:0,(anonymous_19)
FNDA:0,(anonymous_20)
FNDA:0,(anonymous_21)
FNDA:0,(anonymous_22)
FNDA:0,(anonymous_23)
FNDA:0,(anonymous_24)
FNDA:0,(anonymous_25)
FNDA:0,(anonymous_26)
FNDA:0,(anonymous_27)
FNDA:0,downloadDataUrl
FNDA:0,captureWithHtml2Canvas
FNDA:0,captureWithDomToImage
FNDA:0,(anonymous_31)
FNDA:0,(anonymous_32)
FNDA:0,(anonymous_33)
FNDA:0,(anonymous_34)
FNDA:0,(anonymous_35)
FNDA:0,(anonymous_36)
FNDA:0,(anonymous_37)
FNDA:0,(anonymous_38)
FNDA:0,(anonymous_39)
FNDA:0,(anonymous_40)
DA:1,0
DA:3,0
DA:4,0
DA:5,0
DA:6,0
DA:7,0
DA:8,0
DA:10,0
DA:11,0
DA:12,0
DA:13,0
DA:14,0
DA:16,0
DA:17,0
DA:18,0
DA:19,0
DA:20,0
DA:23,0
DA:24,0
DA:26,0
DA:27,0
DA:29,0
DA:30,0
DA:33,0
DA:34,0
DA:35,0
DA:38,0
DA:41,0
DA:45,0
DA:46,0
DA:47,0
DA:48,0
DA:52,0
DA:53,0
DA:54,0
DA:55,0
DA:56,0
DA:57,0
DA:59,0
DA:60,0
DA:61,0
DA:62,0
DA:63,0
DA:64,0
DA:66,0
DA:69,0
DA:70,0
DA:71,0
DA:72,0
DA:73,0
DA:76,0
DA:77,0
DA:81,0
DA:83,0
DA:86,0
DA:87,0
DA:91,0
DA:92,0
DA:93,0
DA:94,0
DA:98,0
DA:99,0
DA:100,0
DA:101,0
DA:102,0
DA:106,0
DA:109,0
DA:110,0
DA:111,0
DA:112,0
DA:113,0
DA:114,0
DA:115,0
DA:116,0
DA:117,0
DA:119,0
DA:120,0
DA:121,0
DA:122,0
DA:123,0
DA:124,0
DA:125,0
DA:130,0
DA:131,0
DA:132,0
DA:133,0
DA:136,0
DA:137,0
DA:138,0
DA:139,0
DA:140,0
DA:142,0
DA:143,0
DA:144,0
DA:145,0
DA:149,0
DA:150,0
DA:151,0
DA:152,0
DA:153,0
DA:154,0
DA:155,0
DA:156,0
DA:158,0
DA:162,0
DA:163,0
DA:166,0
DA:167,0
DA:168,0
DA:169,0
DA:170,0
DA:171,0
DA:172,0
DA:173,0
DA:174,0
DA:175,0
DA:177,0
DA:178,0
DA:181,0
DA:182,0
DA:183,0
DA:185,0
DA:186,0
DA:187,0
DA:190,0
DA:191,0
DA:192,0
DA:194,0
DA:195,0
DA:197,0
DA:199,0
DA:203,0
DA:204,0
DA:206,0
DA:207,0
DA:208,0
DA:209,0
DA:210,0
DA:211,0
DA:214,0
DA:215,0
DA:216,0
DA:217,0
DA:218,0
DA:219,0
DA:220,0
DA:221,0
DA:222,0
DA:223,0
DA:225,0
DA:226,0
DA:227,0
DA:228,0
DA:229,0
DA:232,0
DA:233,0
DA:234,0
DA:235,0
DA:241,0
DA:242,0
DA:243,0
DA:244,0
DA:248,0
DA:249,0
DA:250,0
DA:251,0
DA:252,0
DA:253,0
DA:258,0
DA:259,0
DA:260,0
DA:263,0
DA:264,0
DA:266,0
DA:276,0
DA:279,0
DA:280,0
DA:282,0
DA:283,0
DA:284,0
DA:287,0
DA:288,0
DA:291,0
DA:292,0
DA:298,0
DA:304,0
DA:305,0
DA:306,0
DA:307,0
DA:308,0
DA:311,0
DA:313,0
DA:317,0
DA:320,0
DA:321,0
DA:328,0
DA:329,0
DA:330,0
DA:336,0
DA:342,0
DA:350,0
DA:352,0
DA:353,0
DA:356,0
DA:357,0
DA:358,0
DA:360,0
DA:372,0
DA:374,0
DA:377,0
DA:379,0
DA:380,0
DA:381,0
DA:382,0
DA:384,0
DA:385,0
DA:386,0
DA:388,0
DA:390,0
DA:393,0
DA:394,0
DA:395,0
DA:396,0
DA:399,0
DA:400,0
DA:401,0
DA:402,0
DA:406,0
DA:407,0
DA:408,0
DA:409,0
DA:412,0
DA:413,0
DA:414,0
DA:416,0
DA:419,0
DA:420,0
DA:421,0
DA:422,0
DA:432,0
DA:434,0
DA:436,0
DA:437,0
DA:438,0
DA:439,0
DA:441,0
DA:442,0
DA:443,0
DA:446,0
DA:447,0
DA:450,0
DA:451,0
DA:457,0
DA:463,0
DA:464,0
DA:465,0
DA:466,0
DA:467,0
DA:470,0
DA:472,0
DA:473,0
DA:474,0
DA:476,0
DA:477,0
DA:480,0
DA:481,0
DA:482,0
DA:484,0
DA:485,0
DA:488,0
DA:493,0
DA:494,0
DA:495,0
DA:496,0
DA:504,0
DA:508,0
DA:511,0
DA:512,0
DA:514,0
DA:515,0
DA:516,0
DA:519,0
DA:520,0
DA:523,0
DA:524,0
DA:530,0
DA:536,0
DA:537,0
DA:538,0
DA:539,0
DA:540,0
DA:543,0
DA:545,0
DA:546,0
DA:548,0
DA:549,0
DA:550,0
DA:552,0
DA:553,0
DA:556,0
DA:557,0
DA:558,0
DA:559,0
DA:562,0
DA:567,0
DA:568,0
DA:571,0
DA:572,0
DA:574,0
DA:575,0
DA:577,0
DA:578,0
DA:579,0
DA:581,0
DA:583,0
DA:584,0
DA:585,0
DA:587,0
DA:588,0
DA:590,0
DA:591,0
DA:597,0
DA:603,0
DA:604,0
DA:605,0
DA:606,0
DA:607,0
DA:609,0
DA:610,0
DA:611,0
DA:613,0
DA:614,0
DA:616,0
DA:617,0
DA:618,0
DA:619,0
DA:620,0
DA:621,0
DA:623,0
DA:626,0
DA:629,0
DA:630,0
DA:631,0
DA:633,0
DA:636,0
DA:637,0
DA:638,0
DA:640,0
DA:641,0
DA:644,0
DA:645,0
DA:646,0
DA:651,0
DA:652,0
DA:653,0
DA:656,0
DA:658,0
DA:661,0
DA:662,0
DA:667,0
LF:360
LH:0
BRDA:41,0,0,0
BRDA:41,0,1,0
BRDA:45,1,0,0
BRDA:45,1,1,0
BRDA:52,2,0,0
BRDA:52,2,1,0
BRDA:57,3,0,0
BRDA:57,3,1,0
BRDA:57,4,0,0
BRDA:57,4,1,0
BRDA:59,5,0,0
BRDA:59,5,1,0
BRDA:63,6,0,0
BRDA:63,6,1,0
BRDA:69,7,0,0
BRDA:69,7,1,0
BRDA:70,8,0,0
BRDA:70,8,1,0
BRDA:71,9,0,0
BRDA:71,9,1,0
BRDA:72,10,0,0
BRDA:72,10,1,0
BRDA:76,11,0,0
BRDA:76,11,1,0
BRDA:81,12,0,0
BRDA:81,12,1,0
BRDA:86,13,0,0
BRDA:86,13,1,0
BRDA:91,14,0,0
BRDA:91,14,1,0
BRDA:92,15,0,0
BRDA:92,15,1,0
BRDA:93,16,0,0
BRDA:93,16,1,0
BRDA:98,17,0,0
BRDA:98,17,1,0
BRDA:100,18,0,0
BRDA:100,18,1,0
BRDA:110,19,0,0
BRDA:110,19,1,0
BRDA:111,20,0,0
BRDA:111,20,1,0
BRDA:112,21,0,0
BRDA:112,21,1,0
BRDA:139,22,0,0
BRDA:139,22,1,0
BRDA:140,23,0,0
BRDA:140,23,1,0
BRDA:142,24,0,0
BRDA:142,24,1,0
BRDA:185,25,0,0
BRDA:185,25,1,0
BRDA:186,26,0,0
BRDA:186,26,1,0
BRDA:187,27,0,0
BRDA:187,27,1,0
BRDA:197,28,0,0
BRDA:197,28,1,0
BRDA:208,29,0,0
BRDA:208,29,1,0
BRDA:235,30,0,0
BRDA:235,30,1,0
BRDA:259,31,0,0
BRDA:259,31,1,0
BRDA:394,32,0,0
BRDA:394,32,1,0
BRDA:400,33,0,0
BRDA:400,33,1,0
BRDA:407,34,0,0
BRDA:407,34,1,0
BRDA:407,35,0,0
BRDA:407,35,1,0
BRDA:419,36,0,0
BRDA:419,36,1,0
BRDA:434,37,0,0
BRDA:434,37,1,0
BRDA:493,38,0,0
BRDA:493,38,1,0
BRDA:504,39,0,0
BRDA:504,39,1,0
BRDA:548,40,0,0
BRDA:548,40,1,0
BRDA:616,41,0,0
BRDA:616,41,1,0
BRDA:618,42,0,0
BRDA:618,42,1,0
BRDA:620,43,0,0
BRDA:620,43,1,0
BRF:88
BRH:0
end_of_record
TN:
SF:js/dependency-diff-flattened.js
FN:10,dependencyTreeDiffFlattened
FN:33,diffFilesFlattened
FN:38,buildResolvedMapFlattened
FN:49,splitLinesFlattened
FN:52,extractChangesFromFullDiff
FN:91,mergeDiffResults
FN:92,(anonymous_6)
FN:93,(anonymous_7)
FN:94,(anonymous_8)
FN:101,(anonymous_9)
FN:108,(anonymous_10)
FN:121,(anonymous_11)
FN:128,(anonymous_12)
FN:137,(anonymous_13)
FN:138,(anonymous_14)
FN:139,(anonymous_15)
FN:142,parseLineToCoordinateFlattened
FN:179,diffMapsFlattened
FN:201,(anonymous_18)
FN:202,(anonymous_19)
FN:203,(anonymous_20)
FN:208,formatReportFlattened
FN:209,(anonymous_22)
FN:242,findModuleDependenciesWithStructure
FN:245,(anonymous_24)
FN:291,(anonymous_25)
FN:311,formatReportFlattenedWithTree
FN:312,(anonymous_27)
FN:317,(anonymous_28)
FNF:29
FNH:0
FNDA:0,dependencyTreeDiffFlattened
FNDA:0,diffFilesFlattened
FNDA:0,buildResolvedMapFlattened
FNDA:0,splitLinesFlattened
FNDA:0,extractChangesFromFullDiff
FNDA:0,mergeDiffResults
FNDA:0,(anonymous_6)
FNDA:0,(anonymous_7)
FNDA:0,(anonymous_8)
FNDA:0,(anonymous_9)
FNDA:0,(anonymous_10)
FNDA:0,(anonymous_11)
FNDA:0,(anonymous_12)
FNDA:0,(anonymous_13)
FNDA:0,(anonymous_14)
FNDA:0,(anonymous_15)
FNDA:0,parseLineToCoordinateFlattened
FNDA:0,diffMapsFlattened
FNDA:0,(anonymous_18)
FNDA:0,(anonymous_19)
FNDA:0,(anonymous_20)
FNDA:0,formatReportFlattened
FNDA:0,(anonymous_22)
FNDA:0,findModuleDependenciesWithStructure
FNDA:0,(anonymous_24)
FNDA:0,(anonymous_25)
FNDA:0,formatReportFlattenedWithTree
FNDA:0,(anonymous_27)
FNDA:0,(anonymous_28)
DA:12,0
DA:13,0
DA:14,0
DA:18,0
DA:19,0
DA:20,0
DA:23,0
DA:28,0
DA:30,0
DA:34,0
DA:35,0
DA:39,0
DA:40,0
DA:41,0
DA:42,0
DA:44,0
DA:46,0
DA:49,0
DA:53,0
DA:54,0
DA:55,0
DA:57,0
DA:59,0
DA:61,0
DA:62,0
DA:63,0
DA:66,0
DA:68,0
DA:71,0
DA:72,0
DA:74,0
DA:76,0
DA:77,0
DA:81,0
DA:82,0
DA:87,0
DA:92,0
DA:93,0
DA:94,0
DA:97,0
DA:98,0
DA:100,0
DA:101,0
DA:102,0
DA:103,0
DA:108,0
DA:111,0
DA:117,0
DA:118,0
DA:120,0
DA:121,0
DA:122,0
DA:123,0
DA:128,0
DA:131,0
DA:137,0
DA:138,0
DA:139,0
DA:143,0
DA:146,0
DA:152,0
DA:153,0
DA:157,0
DA:158,0
DA:162,0
DA:165,0
DA:167,0
DA:168,0
DA:169,0
DA:170,0
DA:172,0
DA:173,0
DA:174,0
DA:176,0
DA:180,0
DA:181,0
DA:182,0
DA:183,0
DA:185,0
DA:186,0
DA:187,0
DA:189,0
DA:190,0
DA:192,0
DA:193,0
DA:195,0
DA:196,0
DA:197,0
DA:201,0
DA:202,0
DA:203,0
DA:205,0
DA:209,0
DA:210,0
DA:211,0
DA:213,0
DA:214,0
DA:215,0
DA:217,0
DA:218,0
DA:221,0
DA:222,0
DA:223,0
DA:225,0
DA:226,0
DA:229,0
DA:230,0
DA:231,0
DA:233,0
DA:234,0
DA:237,0
DA:243,0
DA:244,0
DA:245,0
DA:247,0
DA:249,0
DA:251,0
DA:252,0
DA:253,0
DA:254,0
DA:256,0
DA:257,0
DA:258,0
DA:259,0
DA:261,0
DA:262,0
DA:263,0
DA:265,0
DA:267,0
DA:270,0
DA:272,0
DA:274,0
DA:275,0
DA:278,0
DA:279,0
DA:281,0
DA:282,0
DA:284,0
DA:285,0
DA:290,0
DA:291,0
DA:293,0
DA:294,0
DA:303,0
DA:304,0
DA:307,0
DA:312,0
DA:313,0
DA:314,0
DA:317,0
DA:318,0
DA:320,0
DA:321,0
DA:324,0
DA:325,0
DA:329,0
DA:330,0
DA:331,0
DA:332,0
DA:335,0
DA:339,0
DA:340,0
DA:341,0
DA:343,0
DA:344,0
DA:348,0
DA:349,0
DA:350,0
DA:352,0
DA:353,0
DA:356,0
DA:360,0
DA:361,0
LF:173
LH:0
BRDA:18,0,0,0
BRDA:18,0,1,0
BRDA:42,1,0,0
BRDA:42,1,1,0
BRDA:49,2,0,0
BRDA:49,2,1,0
BRDA:59,3,0,0
BRDA:59,3,1,0
BRDA:59,4,0,0
BRDA:59,4,1,0
BRDA:63,5,0,0
BRDA:63,5,1,0
BRDA:63,6,0,0
BRDA:63,6,1,0
BRDA:66,7,0,0
BRDA:66,7,1,0
BRDA:74,8,0,0
BRDA:74,8,1,0
BRDA:76,9,0,0
BRDA:76,9,1,0
BRDA:76,10,0,0
BRDA:76,10,1,0
BRDA:81,11,0,0
BRDA:81,11,1,0
BRDA:81,12,0,0
BRDA:81,12,1,0
BRDA:98,13,0,0
BRDA:98,13,1,0
BRDA:98,14,0,0
BRDA:98,14,1,0
BRDA:100,15,0,0
BRDA:100,15,1,0
BRDA:102,16,0,0
BRDA:102,16,1,0
BRDA:118,17,0,0
BRDA:118,17,1,0
BRDA:118,18,0,0
BRDA:118,18,1,0
BRDA:120,19,0,0
BRDA:120,19,1,0
BRDA:122,20,0,0
BRDA:122,20,1,0
BRDA:143,21,0,0
BRDA:143,21,1,0
BRDA:152,22,0,0
BRDA:152,22,1,0
BRDA:152,23,0,0
BRDA:152,23,1,0
BRDA:152,23,2,0
BRDA:157,24,0,0
BRDA:157,24,1,0
BRDA:165,25,0,0
BRDA:165,25,1,0
BRDA:173,26,0,0
BRDA:173,26,1,0
BRDA:174,27,0,0
BRDA:174,27,1,0
BRDA:174,28,0,0
BRDA:174,28,1,0
BRDA:190,29,0,0
BRDA:190,29,1,0
BRDA:193,30,0,0
BRDA:193,30,1,0
BRDA:196,31,0,0
BRDA:196,31,1,0
BRDA:196,32,0,0
BRDA:196,32,1,0
BRDA:214,33,0,0
BRDA:214,33,1,0
BRDA:222,34,0,0
BRDA:222,34,1,0
BRDA:230,35,0,0
BRDA:230,35,1,0
BRDA:245,36,0,0
BRDA:245,36,1,0
BRDA:247,37,0,0
BRDA:247,37,1,0
BRDA:258,38,0,0
BRDA:258,38,1,0
BRDA:262,39,0,0
BRDA:262,39,1,0
BRDA:270,40,0,0
BRDA:270,40,1,0
BRDA:279,41,0,0
BRDA:279,41,1,0
BRDA:282,42,0,0
BRDA:282,42,1,0
BRDA:285,43,0,0
BRDA:285,43,1,0
BRDA:285,44,0,0
BRDA:285,44,1,0
BRDA:285,44,2,0
BRDA:293,45,0,0
BRDA:293,45,1,0
BRDA:293,46,0,0
BRDA:293,46,1,0
BRDA:303,47,0,0
BRDA:303,47,1,0
BRDA:320,48,0,0
BRDA:320,48,1,0
BRDA:340,49,0,0
BRDA:340,49,1,0
BRDA:349,50,0,0
BRDA:349,50,1,0
BRF:104
BRH:0
end_of_record
TN:
SF:js/dependency-diff-tree-full-enhanced.js
FN:16,dependencyTreeDiffEnhanced
FN:29,diffFilesEnhanced
FN:40,parseDependencyLinesEnhanced
FN:80,extractIdAndVersionEnhanced
FN:108,filterNoiseEnhanced
FN:131,buildTreeEnhanced
FN:158,mergeAndFormat
FN:220,emitSubtree
FNF:8
FNH:0
FNDA:0,dependencyTreeDiffEnhanced
FNDA:0,diffFilesEnhanced
FNDA:0,parseDependencyLinesEnhanced
FNDA:0,extractIdAndVersionEnhanced
FNDA:0,filterNoiseEnhanced
FNDA:0,buildTreeEnhanced
FNDA:0,mergeAndFormat
FNDA:0,emitSubtree
DA:17,0
DA:18,0
DA:20,0
DA:21,0
DA:23,0
DA:24,0
DA:26,0
DA:30,0
DA:31,0
DA:34,0
DA:35,0
DA:41,0
DA:42,0
DA:44,0
DA:45,0
DA:48,0
DA:49,0
DA:51,0
DA:52,0
DA:55,0
DA:58,0
DA:60,0
DA:63,0
DA:64,0
DA:66,0
DA:76,0
DA:81,0
DA:82,0
DA:84,0
DA:85,0
DA:88,0
DA:89,0
DA:90,0
DA:91,0
DA:92,0
DA:93,0
DA:94,0
DA:95,0
DA:98,0
DA:99,0
DA:100,0
DA:102,0
DA:103,0
DA:104,0
DA:109,0
DA:110,0
DA:111,0
DA:114,0
DA:115,0
DA:117,0
DA:118,0
DA:120,0
DA:121,0
DA:122,0
DA:123,0
DA:125,0
DA:127,0
DA:132,0
DA:133,0
DA:135,0
DA:137,0
DA:139,0
DA:147,0
DA:148,0
DA:150,0
DA:152,0
DA:154,0
DA:159,0
DA:162,0
DA:163,0
DA:164,0
DA:165,0
DA:167,0
DA:170,0
DA:171,0
DA:174,0
DA:175,0
DA:176,0
DA:177,0
DA:178,0
DA:181,0
DA:182,0
DA:184,0
DA:185,0
DA:186,0
DA:190,0
DA:191,0
DA:192,0
DA:193,0
DA:195,0
DA:198,0
DA:199,0
DA:200,0
DA:201,0
DA:202,0
DA:203,0
DA:207,0
DA:211,0
DA:212,0
DA:213,0
DA:216,0
DA:221,0
DA:222,0
DA:223,0
DA:225,0
LF:105
LH:0
BRDA:41,0,0,0
BRDA:41,0,1,0
BRDA:49,1,0,0
BRDA:49,1,1,0
BRDA:58,2,0,0
BRDA:58,2,1,0
BRDA:63,3,0,0
BRDA:63,3,1,0
BRDA:81,4,0,0
BRDA:81,4,1,0
BRDA:84,5,0,0
BRDA:84,5,1,0
BRDA:89,6,0,0
BRDA:89,6,1,0
BRDA:93,7,0,0
BRDA:93,7,1,0
BRDA:99,8,0,0
BRDA:99,8,1,0
BRDA:111,9,0,0
BRDA:111,9,1,0
BRDA:111,10,0,0
BRDA:111,10,1,0
BRDA:118,11,0,0
BRDA:118,11,1,0
BRDA:118,12,0,0
BRDA:118,12,1,0
BRDA:118,12,2,0
BRDA:121,13,0,0
BRDA:121,13,1,0
BRDA:122,14,0,0
BRDA:122,14,1,0
BRDA:147,15,0,0
BRDA:147,15,1,0
BRDA:164,16,0,0
BRDA:164,16,1,0
BRDA:171,17,0,0
BRDA:171,17,1,0
BRDA:177,18,0,0
BRDA:177,18,1,0
BRDA:178,19,0,0
BRDA:178,19,1,0
BRDA:181,20,0,0
BRDA:181,20,1,0
BRDA:193,21,0,0
BRDA:193,21,1,0
BRDA:198,22,0,0
BRDA:198,22,1,0
BRDA:212,23,0,0
BRDA:212,23,1,0
BRF:49
BRH:0
end_of_record
TN:
SF:js/dependency-diff.js
FN:3,dependencyTreeDiffOriginal
FN:11,splitLinesOriginal
FN:14,findDependencyPathsOriginal
FN:28,(anonymous_3)
FN:55,(anonymous_4)
FN:56,(anonymous_5)
FN:60,buildTreeOriginal
FN:86,pathsMinusOriginal
FN:87,(anonymous_8)
FN:89,(anonymous_9)
FN:92,treesEqualOriginal
FN:103,appendNodeOriginal
FN:116,appendAddedOriginal
FN:120,appendRemovedOriginal
FN:125,appendDiffOriginal
FNF:15
FNH:0
FNDA:0,dependencyTreeDiffOriginal
FNDA:0,splitLinesOriginal
FNDA:0,findDependencyPathsOriginal
FNDA:0,(anonymous_3)
FNDA:0,(anonymous_4)
FNDA:0,(anonymous_5)
FNDA:0,buildTreeOriginal
FNDA:0,pathsMinusOriginal
FNDA:0,(anonymous_8)
FNDA:0,(anonymous_9)
FNDA:0,treesEqualOriginal
FNDA:0,appendNodeOriginal
FNDA:0,appendAddedOriginal
FNDA:0,appendRemovedOriginal
FNDA:0,appendDiffOriginal
DA:4,0
DA:5,0
DA:6,0
DA:7,0
DA:8,0
DA:11,0
DA:15,0
DA:18,0
DA:19,0
DA:20,0
DA:21,0
DA:23,0
DA:25,0
DA:28,0
DA:29,0
DA:31,0
DA:32,0
DA:33,0
DA:34,0
DA:35,0
DA:36,0
DA:38,0
DA:39,0
DA:41,0
DA:43,0
DA:45,0
DA:49,0
DA:51,0
DA:55,0
DA:56,0
DA:61,0
DA:62,0
DA:63,0
DA:64,0
DA:65,0
DA:66,0
DA:67,0
DA:69,0
DA:70,0
DA:71,0
DA:73,0
DA:74,0
DA:76,0
DA:77,0
DA:78,0
DA:82,0
DA:87,0
DA:88,0
DA:89,0
DA:93,0
DA:94,0
DA:95,0
DA:96,0
DA:97,0
DA:99,0
DA:104,0
DA:105,0
DA:106,0
DA:107,0
DA:108,0
DA:109,0
DA:110,0
DA:111,0
DA:112,0
DA:113,0
DA:117,0
DA:118,0
DA:121,0
DA:122,0
DA:126,0
DA:127,0
DA:128,0
DA:129,0
DA:130,0
DA:131,0
DA:132,0
DA:133,0
DA:134,0
DA:135,0
DA:136,0
DA:139,0
DA:140,0
DA:141,0
DA:142,0
DA:143,0
DA:144,0
DA:145,0
DA:147,0
DA:148,0
DA:149,0
DA:150,0
DA:152,0
DA:153,0
DA:156,0
DA:157,0
DA:158,0
LF:96
LH:0
BRDA:11,0,0,0
BRDA:11,0,1,0
BRDA:21,1,0,0
BRDA:21,1,1,0
BRDA:21,2,0,0
BRDA:21,2,1,0
BRDA:23,3,0,0
BRDA:23,3,1,0
BRDA:29,4,0,0
BRDA:29,4,1,0
BRDA:35,5,0,0
BRDA:35,5,1,0
BRDA:39,6,0,0
BRDA:39,6,1,0
BRDA:49,7,0,0
BRDA:49,7,1,0
BRDA:71,8,0,0
BRDA:71,8,1,0
BRDA:71,9,0,0
BRDA:71,9,1,0
BRDA:73,10,0,0
BRDA:73,10,1,0
BRDA:93,11,0,0
BRDA:93,11,1,0
BRDA:96,12,0,0
BRDA:96,12,1,0
BRDA:96,13,0,0
BRDA:96,13,1,0
BRDA:97,14,0,0
BRDA:97,14,1,0
BRDA:107,15,0,0
BRDA:107,15,1,0
BRDA:111,16,0,0
BRDA:111,16,1,0
BRDA:128,17,0,0
BRDA:128,17,1,0
BRDA:131,18,0,0
BRDA:131,18,1,0
BRDA:132,19,0,0
BRDA:132,19,1,0
BRDA:133,20,0,0
BRDA:133,20,1,0
BRDA:142,21,0,0
BRDA:142,21,1,0
BRDA:145,22,0,0
BRDA:145,22,1,0
BRDA:148,23,0,0
BRDA:148,23,1,0
BRF:48
BRH:0
end_of_record
TN:
SF:js/dependency-only-diff.js
FN:13,dependencyOnlyDiff
FN:20,(anonymous_1)
FN:25,diffFilesOnly
FNF:3
FNH:0
FNDA:0,dependencyOnlyDiff
FNDA:0,(anonymous_1)
FNDA:0,diffFilesOnly
DA:15,0
DA:18,0
DA:20,0
DA:26,0
DA:27,0
DA:30,0
DA:31,0
LF:7
LH:0
BRF:0
BRH:0
end_of_record
TN:
SF:js/result-capture.js
FN:6,downloadDataUrl
FN:15,captureWithHtml2Canvas
FN:76,captureWithDomToImage
FNF:3
FNH:0
FNDA:0,downloadDataUrl
FNDA:0,captureWithHtml2Canvas
FNDA:0,captureWithDomToImage
DA:3,0
DA:7,0
DA:8,0
DA:9,0
DA:10,0
DA:11,0
DA:12,0
DA:17,0
DA:18,0
DA:19,0
DA:23,0
DA:24,0
DA:31,0
DA:32,0
DA:33,0
DA:39,0
DA:45,0
DA:53,0
DA:55,0
DA:56,0
DA:59,0
DA:60,0
DA:61,0
DA:63,0
DA:71,0
DA:73,0
DA:77,0
DA:78,0
DA:88,0
LF:29
LH:0
BRDA:18,0,0,0
BRDA:18,0,1,0
BRDA:65,1,0,0
BRDA:65,1,1,0
BRDA:79,2,0,0
BRDA:79,2,1,0
BRF:6
BRH:0
end_of_record
TN:
SF:js/result-markdown.js
FN:2,(anonymous_0)
FN:9,nowStamp
FN:11,(anonymous_2)
FN:22,sanitize
FN:26,buildMarkdown
FN:43,download
FN:56,flash
FN:59,(anonymous_7)
FN:62,(anonymous_8)
FN:73,(anonymous_9)
FNF:10
FNH:0
FNDA:0,(anonymous_0)
FNDA:0,nowStamp
FNDA:0,(anonymous_2)
FNDA:0,sanitize
FNDA:0,buildMarkdown
FNDA:0,download
FNDA:0,flash
FNDA:0,(anonymous_7)
FNDA:0,(anonymous_8)
FNDA:0,(anonymous_9)
DA:2,0
DA:3,0
DA:4,0
DA:6,0
DA:7,0
DA:10,0
DA:11,0
DA:12,0
DA:23,0
DA:27,0
DA:28,0
DA:29,0
DA:32,0
DA:39,0
DA:40,0
DA:44,0
DA:45,0
DA:46,0
DA:47,0
DA:48,0
DA:49,0
DA:50,0
DA:51,0
DA:52,0
DA:53,0
DA:57,0
DA:58,0
DA:59,0
DA:62,0
DA:64,0
DA:65,0
DA:66,0
DA:68,0
DA:69,0
DA:70,0
DA:73,0
DA:74,0
DA:76,0
DA:77,0
DA:79,0
DA:81,0
DA:82,0
DA:83,0
DA:85,0
DA:86,0
DA:89,0
DA:90,0
DA:92,0
DA:93,0
DA:94,0
DA:96,0
DA:97,0
DA:100,0
DA:101,0
DA:102,0
DA:105,0
DA:106,0
DA:107,0
DA:109,0
DA:111,0
DA:114,0
DA:115,0
DA:116,0
DA:118,0
LF:64
LH:0
BRDA:4,0,0,0
BRDA:4,0,1,0
BRDA:23,1,0,0
BRDA:23,1,1,0
BRDA:27,2,0,0
BRDA:27,2,1,0
BRDA:28,3,0,0
BRDA:28,3,1,0
BRDA:39,4,0,0
BRDA:39,4,1,0
BRDA:56,5,0,0
BRDA:77,6,0,0
BRDA:77,6,1,0
BRDA:79,7,0,0
BRDA:79,7,1,0
BRDA:89,8,0,0
BRDA:89,8,1,0
BRDA:90,9,0,0
BRDA:90,9,1,0
BRF:19
BRH:0
end_of_record
TN:
SF:js/visitor-counter.js
FN:1,(anonymous_0)
FN:6,(anonymous_1)
FN:10,getTotal
FNF:3
FNH:0
FNDA:0,(anonymous_0)
FNDA:0,(anonymous_1)
FNDA:0,getTotal
DA:1,0
DA:2,0
DA:3,0
DA:4,0
DA:6,0
DA:7,0
DA:11,0
DA:12,0
DA:13,0
DA:16,0
DA:17,0
DA:18,0
DA:20,0
DA:21,0
LF:14
LH:0
BRDA:7,0,0,0
BRDA:7,0,1,0
BRDA:8,1,0,0
BRDA:8,1,1,0
BRDA:12,2,0,0
BRDA:12,2,1,0
BRF:6
BRH:0
end_of_record
